{"/home/travis/build/npmtest/node-npmtest-react-s-alert/test.js":{"path":"/home/travis/build/npmtest/node-npmtest-react-s-alert/test.js","s":{"1":2,"2":2,"3":2,"4":2,"5":2,"6":2,"7":2,"8":1,"9":2,"10":2,"11":1,"12":1,"13":1,"14":1,"15":2,"16":2,"17":2,"18":2,"19":1,"20":1,"21":2,"22":2,"23":2,"24":1,"25":1,"26":1,"27":1,"28":1,"29":1,"30":1,"31":1,"32":1,"33":1,"34":1,"35":1,"36":1,"37":1,"38":1,"39":2,"40":2,"41":1,"42":2,"43":2,"44":1,"45":2,"46":2,"47":1,"48":2,"49":2,"50":1,"51":1,"52":1,"53":1,"54":1},"b":{"1":[2,1,1,1],"2":[1,1,1,1],"3":[1,1],"4":[1,1],"5":[1,1],"6":[1,1],"7":[1,1],"8":[1,1],"9":[1,1],"10":[1,1,1],"11":[1,1],"12":[1,1],"13":[1,1],"14":[1,1],"15":[1,1],"16":[1,1],"17":[1,1]},"f":{"1":2,"2":2,"3":2,"4":2,"5":2,"6":1,"7":1,"8":1,"9":2,"10":2,"11":2,"12":2,"13":1},"fnMap":{"1":{"name":"(anonymous_1)","line":12,"loc":{"start":{"line":12,"column":1},"end":{"line":12,"column":13}}},"2":{"name":"(anonymous_2)","line":19,"loc":{"start":{"line":19,"column":5},"end":{"line":19,"column":17}}},"3":{"name":"(anonymous_3)","line":23,"loc":{"start":{"line":23,"column":24},"end":{"line":23,"column":36}}},"4":{"name":"(anonymous_4)","line":61,"loc":{"start":{"line":61,"column":5},"end":{"line":61,"column":17}}},"5":{"name":"(anonymous_5)","line":82,"loc":{"start":{"line":82,"column":5},"end":{"line":82,"column":17}}},"6":{"name":"(anonymous_6)","line":91,"loc":{"start":{"line":91,"column":77},"end":{"line":94,"column":10}}},"7":{"name":"(anonymous_7)","line":112,"loc":{"start":{"line":112,"column":83},"end":{"line":115,"column":10}},"skip":true},"8":{"name":"(anonymous_8)","line":123,"loc":{"start":{"line":123,"column":77},"end":{"line":126,"column":10}},"skip":true},"9":{"name":"(anonymous_9)","line":139,"loc":{"start":{"line":139,"column":12},"end":{"line":139,"column":40}},"skip":true},"10":{"name":"(anonymous_10)","line":147,"loc":{"start":{"line":147,"column":77},"end":{"line":150,"column":10}},"skip":true},"11":{"name":"(anonymous_11)","line":158,"loc":{"start":{"line":158,"column":83},"end":{"line":161,"column":10}},"skip":true},"12":{"name":"(anonymous_12)","line":169,"loc":{"start":{"line":169,"column":79},"end":{"line":172,"column":10}},"skip":true},"13":{"name":"(anonymous_13)","line":180,"loc":{"start":{"line":180,"column":75},"end":{"line":183,"column":10}},"skip":true}},"statementMap":{"1":{"start":{"line":12,"column":0},"end":{"line":195,"column":5}},"2":{"start":{"line":14,"column":4},"end":{"line":14,"column":14}},"3":{"start":{"line":19,"column":4},"end":{"line":56,"column":9}},"4":{"start":{"line":21,"column":8},"end":{"line":21,"column":19}},"5":{"start":{"line":23,"column":8},"end":{"line":35,"column":13}},"6":{"start":{"line":24,"column":12},"end":{"line":34,"column":13}},"7":{"start":{"line":25,"column":16},"end":{"line":28,"column":30}},"8":{"start":{"line":30,"column":16},"end":{"line":33,"column":27}},"9":{"start":{"line":37,"column":8},"end":{"line":39,"column":21}},"10":{"start":{"line":40,"column":8},"end":{"line":53,"column":9}},"11":{"start":{"line":43,"column":12},"end":{"line":46,"column":14}},"12":{"start":{"line":47,"column":12},"end":{"line":47,"column":18}},"13":{"start":{"line":50,"column":12},"end":{"line":51,"column":33}},"14":{"start":{"line":52,"column":12},"end":{"line":52,"column":18}},"15":{"start":{"line":55,"column":8},"end":{"line":55,"column":35}},"16":{"start":{"line":61,"column":4},"end":{"line":63,"column":9}},"17":{"start":{"line":62,"column":8},"end":{"line":62,"column":15}},"18":{"start":{"line":64,"column":4},"end":{"line":77,"column":5}},"19":{"start":{"line":70,"column":8},"end":{"line":70,"column":14}},"20":{"start":{"line":76,"column":8},"end":{"line":76,"column":14}},"21":{"start":{"line":82,"column":4},"end":{"line":84,"column":9}},"22":{"start":{"line":83,"column":8},"end":{"line":83,"column":15}},"23":{"start":{"line":85,"column":4},"end":{"line":194,"column":5}},"24":{"start":{"line":91,"column":8},"end":{"line":99,"column":10}},"25":{"start":{"line":98,"column":12},"end":{"line":98,"column":35}},"26":{"start":{"line":102,"column":8},"end":{"line":104,"column":63}},"27":{"start":{"line":105,"column":8},"end":{"line":105,"column":14}},"28":{"start":{"line":112,"column":8},"end":{"line":121,"column":10},"skip":true},"29":{"start":{"line":119,"column":12},"end":{"line":119,"column":55},"skip":true},"30":{"start":{"line":120,"column":12},"end":{"line":120,"column":48},"skip":true},"31":{"start":{"line":123,"column":8},"end":{"line":136,"column":10},"skip":true},"32":{"start":{"line":130,"column":12},"end":{"line":130,"column":76},"skip":true},"33":{"start":{"line":131,"column":12},"end":{"line":131,"column":73},"skip":true},"34":{"start":{"line":132,"column":12},"end":{"line":132,"column":74},"skip":true},"35":{"start":{"line":133,"column":12},"end":{"line":133,"column":79},"skip":true},"36":{"start":{"line":134,"column":12},"end":{"line":134,"column":25},"skip":true},"37":{"start":{"line":135,"column":12},"end":{"line":135,"column":45},"skip":true},"38":{"start":{"line":138,"column":8},"end":{"line":145,"column":14},"skip":true},"39":{"start":{"line":143,"column":16},"end":{"line":143,"column":29},"skip":true},"40":{"start":{"line":144,"column":16},"end":{"line":144,"column":55},"skip":true},"41":{"start":{"line":147,"column":8},"end":{"line":156,"column":10},"skip":true},"42":{"start":{"line":154,"column":12},"end":{"line":154,"column":25},"skip":true},"43":{"start":{"line":155,"column":12},"end":{"line":155,"column":45},"skip":true},"44":{"start":{"line":158,"column":8},"end":{"line":167,"column":10},"skip":true},"45":{"start":{"line":165,"column":12},"end":{"line":165,"column":25},"skip":true},"46":{"start":{"line":166,"column":12},"end":{"line":166,"column":48},"skip":true},"47":{"start":{"line":169,"column":8},"end":{"line":178,"column":10},"skip":true},"48":{"start":{"line":176,"column":12},"end":{"line":176,"column":25},"skip":true},"49":{"start":{"line":177,"column":12},"end":{"line":177,"column":46},"skip":true},"50":{"start":{"line":180,"column":8},"end":{"line":189,"column":10},"skip":true},"51":{"start":{"line":187,"column":12},"end":{"line":187,"column":94},"skip":true},"52":{"start":{"line":188,"column":12},"end":{"line":188,"column":48},"skip":true},"53":{"start":{"line":192,"column":8},"end":{"line":192,"column":35},"skip":true},"54":{"start":{"line":193,"column":8},"end":{"line":193,"column":14},"skip":true}},"branchMap":{"1":{"line":25,"type":"binary-expr","locations":[{"start":{"line":25,"column":23},"end":{"line":25,"column":62}},{"start":{"line":26,"column":20},"end":{"line":26,"column":70}},{"start":{"line":27,"column":20},"end":{"line":27,"column":71}},{"start":{"line":28,"column":20},"end":{"line":28,"column":29}}]},"2":{"line":30,"type":"binary-expr","locations":[{"start":{"line":30,"column":23},"end":{"line":30,"column":37}},{"start":{"line":31,"column":20},"end":{"line":31,"column":61}},{"start":{"line":32,"column":20},"end":{"line":32,"column":70}},{"start":{"line":33,"column":20},"end":{"line":33,"column":26}}]},"3":{"line":37,"type":"cond-expr","locations":[{"start":{"line":38,"column":14},"end":{"line":38,"column":20}},{"start":{"line":39,"column":14},"end":{"line":39,"column":20}}]},"4":{"line":40,"type":"switch","locations":[{"start":{"line":42,"column":8},"end":{"line":47,"column":18}},{"start":{"line":49,"column":8},"end":{"line":52,"column":18}}]},"5":{"line":44,"type":"binary-expr","locations":[{"start":{"line":44,"column":16},"end":{"line":44,"column":44}},{"start":{"line":44,"column":48},"end":{"line":44,"column":66}}]},"6":{"line":50,"type":"binary-expr","locations":[{"start":{"line":50,"column":21},"end":{"line":50,"column":49}},{"start":{"line":50,"column":53},"end":{"line":50,"column":72}}]},"7":{"line":64,"type":"switch","locations":[{"start":{"line":69,"column":4},"end":{"line":70,"column":14}},{"start":{"line":75,"column":4},"end":{"line":76,"column":14}}]},"8":{"line":85,"type":"switch","locations":[{"start":{"line":90,"column":4},"end":{"line":105,"column":14}},{"start":{"line":111,"column":4},"end":{"line":193,"column":14},"skip":true}]},"9":{"line":91,"type":"binary-expr","locations":[{"start":{"line":91,"column":42},"end":{"line":91,"column":73}},{"start":{"line":91,"column":77},"end":{"line":99,"column":9}}]},"10":{"line":102,"type":"binary-expr","locations":[{"start":{"line":102,"column":18},"end":{"line":102,"column":32}},{"start":{"line":103,"column":12},"end":{"line":103,"column":53}},{"start":{"line":104,"column":12},"end":{"line":104,"column":61}}]},"11":{"line":112,"type":"binary-expr","locations":[{"start":{"line":112,"column":45},"end":{"line":112,"column":79},"skip":true},{"start":{"line":112,"column":83},"end":{"line":121,"column":9},"skip":true}]},"12":{"line":123,"type":"binary-expr","locations":[{"start":{"line":123,"column":42},"end":{"line":123,"column":73},"skip":true},{"start":{"line":123,"column":77},"end":{"line":136,"column":9},"skip":true}]},"13":{"line":138,"type":"binary-expr","locations":[{"start":{"line":138,"column":48},"end":{"line":138,"column":85},"skip":true},{"start":{"line":139,"column":12},"end":{"line":145,"column":13},"skip":true}]},"14":{"line":147,"type":"binary-expr","locations":[{"start":{"line":147,"column":42},"end":{"line":147,"column":73},"skip":true},{"start":{"line":147,"column":77},"end":{"line":156,"column":9},"skip":true}]},"15":{"line":158,"type":"binary-expr","locations":[{"start":{"line":158,"column":45},"end":{"line":158,"column":79},"skip":true},{"start":{"line":158,"column":83},"end":{"line":167,"column":9},"skip":true}]},"16":{"line":169,"type":"binary-expr","locations":[{"start":{"line":169,"column":43},"end":{"line":169,"column":75},"skip":true},{"start":{"line":169,"column":79},"end":{"line":178,"column":9},"skip":true}]},"17":{"line":180,"type":"binary-expr","locations":[{"start":{"line":180,"column":41},"end":{"line":180,"column":71},"skip":true},{"start":{"line":180,"column":75},"end":{"line":189,"column":9},"skip":true}]}},"code":["/* istanbul instrument in package npmtest_react_s_alert */","/*jslint","    bitwise: true,","    browser: true,","    maxerr: 8,","    maxlen: 96,","    node: true,","    nomen: true,","    regexp: true,","    stupid: true","*/","(function () {","    'use strict';","    var local;","","","","    // run shared js-env code - pre-init","    (function () {","        // init local","        local = {};","        // init modeJs","        local.modeJs = (function () {","            try {","                return typeof navigator.userAgent === 'string' &&","                    typeof document.querySelector('body') === 'object' &&","                    typeof XMLHttpRequest.prototype.open === 'function' &&","                    'browser';","            } catch (errorCaughtBrowser) {","                return module.exports &&","                    typeof process.versions.node === 'string' &&","                    typeof require('http').createServer === 'function' &&","                    'node';","            }","        }());","        // init global","        local.global = local.modeJs === 'browser'","            ? window","            : global;","        switch (local.modeJs) {","        // re-init local from window.local","        case 'browser':","            local = local.global.utility2.objectSetDefault(","                local.global.utility2_rollup || local.global.local,","                local.global.utility2","            );","            break;","        // re-init local from example.js","        case 'node':","            local = (local.global.utility2_rollup || require('utility2'))","                .requireReadme();","            break;","        }","        // export local","        local.global.local = local;","    }());","","","","    // run shared js-env code - function","    (function () {","        return;","    }());","    switch (local.modeJs) {","","","","    // run browser js-env code - function","    case 'browser':","        break;","","","","    // run node js-env code - function","    case 'node':","        break;","    }","","","","    // run shared js-env code - post-init","    (function () {","        return;","    }());","    switch (local.modeJs) {","","","","    // run browser js-env code - post-init","    case 'browser':","        local.testCase_browser_nullCase = local.testCase_browser_nullCase || function (","            options,","            onError","        ) {","        /*","         * this function will test browsers's null-case handling-behavior-behavior","         */","            onError(null, options);","        };","","        // run tests","        local.nop(local.modeTest &&","            document.querySelector('#testRunButton1') &&","            document.querySelector('#testRunButton1').click());","        break;","","","","    // run node js-env code - post-init","    /* istanbul ignore next */","    case 'node':","        local.testCase_buildApidoc_default = local.testCase_buildApidoc_default || function (","            options,","            onError","        ) {","        /*","         * this function will test buildApidoc's default handling-behavior-behavior","         */","            options = { modulePathList: module.paths };","            local.buildApidoc(options, onError);","        };","","        local.testCase_buildApp_default = local.testCase_buildApp_default || function (","            options,","            onError","        ) {","        /*","         * this function will test buildApp's default handling-behavior-behavior","         */","            local.testCase_buildReadme_default(options, local.onErrorThrow);","            local.testCase_buildLib_default(options, local.onErrorThrow);","            local.testCase_buildTest_default(options, local.onErrorThrow);","            local.testCase_buildCustomOrg_default(options, local.onErrorThrow);","            options = [];","            local.buildApp(options, onError);","        };","","        local.testCase_buildCustomOrg_default = local.testCase_buildCustomOrg_default ||","            function (options, onError) {","            /*","             * this function will test buildCustomOrg's default handling-behavior","             */","                options = {};","                local.buildCustomOrg(options, onError);","            };","","        local.testCase_buildLib_default = local.testCase_buildLib_default || function (","            options,","            onError","        ) {","        /*","         * this function will test buildLib's default handling-behavior","         */","            options = {};","            local.buildLib(options, onError);","        };","","        local.testCase_buildReadme_default = local.testCase_buildReadme_default || function (","            options,","            onError","        ) {","        /*","         * this function will test buildReadme's default handling-behavior-behavior","         */","            options = {};","            local.buildReadme(options, onError);","        };","","        local.testCase_buildTest_default = local.testCase_buildTest_default || function (","            options,","            onError","        ) {","        /*","         * this function will test buildTest's default handling-behavior","         */","            options = {};","            local.buildTest(options, onError);","        };","","        local.testCase_webpage_default = local.testCase_webpage_default || function (","            options,","            onError","        ) {","        /*","         * this function will test webpage's default handling-behavior","         */","            options = { modeCoverageMerge: true, url: local.serverLocalHost + '?modeTest=1' };","            local.browserTest(options, onError);","        };","","        // run test-server","        local.testRunServer(local);","        break;","    }","}());",""],"l":{"12":2,"14":2,"19":2,"21":2,"23":2,"24":2,"25":2,"30":1,"37":2,"40":2,"43":1,"47":1,"50":1,"52":1,"55":2,"61":2,"62":2,"64":2,"70":1,"76":1,"82":2,"83":2,"85":2,"91":1,"98":1,"102":1,"105":1,"112":1,"119":1,"120":1,"123":1,"130":1,"131":1,"132":1,"133":1,"134":1,"135":1,"138":1,"143":2,"144":2,"147":1,"154":2,"155":2,"158":1,"165":2,"166":2,"169":1,"176":2,"177":2,"180":1,"187":1,"188":1,"192":1,"193":1}},"/home/travis/build/npmtest/node-npmtest-react-s-alert/lib.npmtest_react_s_alert.js":{"path":"/home/travis/build/npmtest/node-npmtest-react-s-alert/lib.npmtest_react_s_alert.js","s":{"1":2,"2":2,"3":2,"4":2,"5":2,"6":2,"7":2,"8":1,"9":2,"10":2,"11":2,"12":2,"13":1,"14":1,"15":1,"16":1},"b":{"1":[2,1,1,1],"2":[1,1,1,1],"3":[1,1],"4":[2,2],"5":[1,1]},"f":{"1":2,"2":2,"3":2},"fnMap":{"1":{"name":"(anonymous_1)","line":12,"loc":{"start":{"line":12,"column":1},"end":{"line":12,"column":13}}},"2":{"name":"(anonymous_2)","line":19,"loc":{"start":{"line":19,"column":5},"end":{"line":19,"column":17}}},"3":{"name":"(anonymous_3)","line":23,"loc":{"start":{"line":23,"column":24},"end":{"line":23,"column":36}}}},"statementMap":{"1":{"start":{"line":12,"column":0},"end":{"line":53,"column":5}},"2":{"start":{"line":14,"column":4},"end":{"line":14,"column":14}},"3":{"start":{"line":19,"column":4},"end":{"line":52,"column":9}},"4":{"start":{"line":21,"column":8},"end":{"line":21,"column":19}},"5":{"start":{"line":23,"column":8},"end":{"line":35,"column":13}},"6":{"start":{"line":24,"column":12},"end":{"line":34,"column":13}},"7":{"start":{"line":25,"column":16},"end":{"line":28,"column":30}},"8":{"start":{"line":30,"column":16},"end":{"line":33,"column":27}},"9":{"start":{"line":37,"column":8},"end":{"line":39,"column":21}},"10":{"start":{"line":41,"column":8},"end":{"line":41,"column":54}},"11":{"start":{"line":43,"column":8},"end":{"line":43,"column":58}},"12":{"start":{"line":45,"column":8},"end":{"line":51,"column":9}},"13":{"start":{"line":46,"column":12},"end":{"line":46,"column":64}},"14":{"start":{"line":48,"column":12},"end":{"line":48,"column":35}},"15":{"start":{"line":49,"column":12},"end":{"line":49,"column":49}},"16":{"start":{"line":50,"column":12},"end":{"line":50,"column":43}}},"branchMap":{"1":{"line":25,"type":"binary-expr","locations":[{"start":{"line":25,"column":23},"end":{"line":25,"column":62}},{"start":{"line":26,"column":20},"end":{"line":26,"column":70}},{"start":{"line":27,"column":20},"end":{"line":27,"column":71}},{"start":{"line":28,"column":20},"end":{"line":28,"column":29}}]},"2":{"line":30,"type":"binary-expr","locations":[{"start":{"line":30,"column":23},"end":{"line":30,"column":37}},{"start":{"line":31,"column":20},"end":{"line":31,"column":61}},{"start":{"line":32,"column":20},"end":{"line":32,"column":70}},{"start":{"line":33,"column":20},"end":{"line":33,"column":26}}]},"3":{"line":37,"type":"cond-expr","locations":[{"start":{"line":38,"column":14},"end":{"line":38,"column":20}},{"start":{"line":39,"column":14},"end":{"line":39,"column":20}}]},"4":{"line":41,"type":"binary-expr","locations":[{"start":{"line":41,"column":16},"end":{"line":41,"column":44}},{"start":{"line":41,"column":48},"end":{"line":41,"column":53}}]},"5":{"line":45,"type":"if","locations":[{"start":{"line":45,"column":8},"end":{"line":45,"column":8}},{"start":{"line":45,"column":8},"end":{"line":45,"column":8}}]}},"code":["/* istanbul instrument in package npmtest_react_s_alert */","/*jslint","    bitwise: true,","    browser: true,","    maxerr: 8,","    maxlen: 96,","    node: true,","    nomen: true,","    regexp: true,","    stupid: true","*/","(function () {","    'use strict';","    var local;","","","","    // run shared js-env code - pre-init","    (function () {","        // init local","        local = {};","        // init modeJs","        local.modeJs = (function () {","            try {","                return typeof navigator.userAgent === 'string' &&","                    typeof document.querySelector('body') === 'object' &&","                    typeof XMLHttpRequest.prototype.open === 'function' &&","                    'browser';","            } catch (errorCaughtBrowser) {","                return module.exports &&","                    typeof process.versions.node === 'string' &&","                    typeof require('http').createServer === 'function' &&","                    'node';","            }","        }());","        // init global","        local.global = local.modeJs === 'browser'","            ? window","            : global;","        // init utility2_rollup","        local = local.global.utility2_rollup || local;","        // init lib","        local.local = local.npmtest_react_s_alert = local;","        // init exports","        if (local.modeJs === 'browser') {","            local.global.utility2_npmtest_react_s_alert = local;","        } else {","            module.exports = local;","            module.exports.__dirname = __dirname;","            module.exports.module = module;","        }","    }());","}());",""],"l":{"12":2,"14":2,"19":2,"21":2,"23":2,"24":2,"25":2,"30":1,"37":2,"41":2,"43":2,"45":2,"46":1,"48":1,"49":1,"50":1}},"/home/travis/build/npmtest/node-npmtest-react-s-alert/example.js":{"path":"/home/travis/build/npmtest/node-npmtest-react-s-alert/example.js","s":{"1":2,"2":2,"3":2,"4":2,"5":2,"6":2,"7":2,"8":1,"9":2,"10":2,"11":2,"12":2,"13":1,"14":2,"15":2,"16":2,"17":2,"18":2,"19":0,"20":2,"21":1,"22":1,"23":1,"24":1,"25":1,"26":0,"27":0,"28":1,"29":1,"30":2,"31":0,"32":0,"33":0,"34":1,"35":2,"36":2,"37":3,"38":3,"39":3,"40":3,"41":0,"42":3,"43":3,"44":3,"45":1,"46":3,"47":1,"48":1,"49":1,"50":1,"51":1,"52":1,"53":1,"54":1,"55":1,"56":1,"57":0,"58":1,"59":6,"60":6,"61":1,"62":2,"63":0,"64":2,"65":1,"66":1,"67":0,"68":0,"69":0,"70":0,"71":0,"72":0,"73":0,"74":0,"75":0,"76":0,"77":0,"78":0,"79":0,"80":0,"81":0,"82":0,"83":0},"b":{"1":[2,1,1,1],"2":[1,1,1,1],"3":[1,1],"4":[2,2],"5":[1,1],"6":[1,1],"7":[2,0],"8":[2,1,1,1,1,1],"9":[0,2,0],"10":[1,1],"11":[2,1,1],"12":[1,0],"13":[0,2],"14":[2,0,0,0,0,0,0],"15":[0,3],"16":[3,0],"17":[1,1],"18":[0,1],"19":[1,2,0,2],"20":[1,0],"21":[1,1],"22":[0,0],"23":[0,0],"24":[0,0],"25":[0,0],"26":[0,0],"27":[0,0],"28":[0,0]},"f":{"1":2,"2":2,"3":2,"4":2,"5":2,"6":2,"7":3,"8":3,"9":3,"10":1,"11":6,"12":0},"fnMap":{"1":{"name":"(anonymous_1)","line":26,"loc":{"start":{"line":26,"column":1},"end":{"line":26,"column":13}}},"2":{"name":"(anonymous_2)","line":33,"loc":{"start":{"line":33,"column":5},"end":{"line":33,"column":17}}},"3":{"name":"(anonymous_3)","line":37,"loc":{"start":{"line":37,"column":24},"end":{"line":37,"column":36}}},"4":{"name":"(anonymous_4)","line":69,"loc":{"start":{"line":69,"column":31},"end":{"line":69,"column":48}},"skip":true},"5":{"name":"(anonymous_5)","line":78,"loc":{"start":{"line":78,"column":26},"end":{"line":78,"column":45}},"skip":true},"6":{"name":"(anonymous_6)","line":123,"loc":{"start":{"line":123,"column":33},"end":{"line":123,"column":48}},"skip":true},"7":{"name":"(anonymous_7)","line":125,"loc":{"start":{"line":125,"column":27},"end":{"line":125,"column":39}},"skip":true},"8":{"name":"(anonymous_8)","line":133,"loc":{"start":{"line":133,"column":59},"end":{"line":133,"column":74}},"skip":true},"9":{"name":"(anonymous_9)","line":143,"loc":{"start":{"line":143,"column":45},"end":{"line":143,"column":62}},"skip":true},"10":{"name":"(anonymous_10)","line":144,"loc":{"start":{"line":144,"column":73},"end":{"line":144,"column":92}},"skip":true},"11":{"name":"(anonymous_11)","line":272,"loc":{"start":{"line":272,"column":51},"end":{"line":272,"column":77}},"skip":true},"12":{"name":"(anonymous_12)","line":315,"loc":{"start":{"line":315,"column":32},"end":{"line":315,"column":61}},"skip":true}},"statementMap":{"1":{"start":{"line":26,"column":0},"end":{"line":326,"column":5}},"2":{"start":{"line":28,"column":4},"end":{"line":28,"column":14}},"3":{"start":{"line":33,"column":4},"end":{"line":60,"column":9}},"4":{"start":{"line":35,"column":8},"end":{"line":35,"column":19}},"5":{"start":{"line":37,"column":8},"end":{"line":49,"column":13}},"6":{"start":{"line":38,"column":12},"end":{"line":48,"column":13}},"7":{"start":{"line":39,"column":16},"end":{"line":42,"column":30}},"8":{"start":{"line":44,"column":16},"end":{"line":47,"column":27}},"9":{"start":{"line":51,"column":8},"end":{"line":53,"column":21}},"10":{"start":{"line":55,"column":8},"end":{"line":57,"column":45}},"11":{"start":{"line":59,"column":8},"end":{"line":59,"column":35}},"12":{"start":{"line":61,"column":4},"end":{"line":325,"column":5}},"13":{"start":{"line":69,"column":8},"end":{"line":121,"column":10},"skip":true},"14":{"start":{"line":70,"column":12},"end":{"line":88,"column":13},"skip":true},"15":{"start":{"line":76,"column":16},"end":{"line":87,"column":19},"skip":true},"16":{"start":{"line":79,"column":20},"end":{"line":86,"column":21},"skip":true},"17":{"start":{"line":82,"column":24},"end":{"line":82,"column":43},"skip":true},"18":{"start":{"line":83,"column":24},"end":{"line":83,"column":30},"skip":true},"19":{"start":{"line":85,"column":24},"end":{"line":85,"column":49},"skip":true},"20":{"start":{"line":89,"column":12},"end":{"line":107,"column":13},"skip":true},"21":{"start":{"line":92,"column":16},"end":{"line":102,"column":17},"skip":true},"22":{"start":{"line":93,"column":20},"end":{"line":93,"column":86},"skip":true},"23":{"start":{"line":94,"column":20},"end":{"line":95,"column":45},"skip":true},"24":{"start":{"line":96,"column":20},"end":{"line":96,"column":42},"skip":true},"25":{"start":{"line":97,"column":20},"end":{"line":97,"column":48},"skip":true},"26":{"start":{"line":100,"column":20},"end":{"line":100,"column":85},"skip":true},"27":{"start":{"line":101,"column":20},"end":{"line":101,"column":96},"skip":true},"28":{"start":{"line":103,"column":16},"end":{"line":103,"column":22},"skip":true},"29":{"start":{"line":106,"column":16},"end":{"line":106,"column":22},"skip":true},"30":{"start":{"line":108,"column":12},"end":{"line":120,"column":13},"skip":true},"31":{"start":{"line":114,"column":16},"end":{"line":119,"column":17},"skip":true},"32":{"start":{"line":116,"column":20},"end":{"line":116,"column":78},"skip":true},"33":{"start":{"line":118,"column":20},"end":{"line":118,"column":47},"skip":true},"34":{"start":{"line":123,"column":8},"end":{"line":141,"column":11},"skip":true},"35":{"start":{"line":124,"column":12},"end":{"line":124,"column":54},"skip":true},"36":{"start":{"line":125,"column":12},"end":{"line":140,"column":14},"skip":true},"37":{"start":{"line":126,"column":16},"end":{"line":126,"column":28},"skip":true},"38":{"start":{"line":127,"column":16},"end":{"line":127,"column":69},"skip":true},"39":{"start":{"line":128,"column":16},"end":{"line":128,"column":75},"skip":true},"40":{"start":{"line":129,"column":16},"end":{"line":131,"column":17},"skip":true},"41":{"start":{"line":130,"column":20},"end":{"line":130,"column":27},"skip":true},"42":{"start":{"line":133,"column":16},"end":{"line":137,"column":36},"skip":true},"43":{"start":{"line":134,"column":20},"end":{"line":136,"column":55},"skip":true},"44":{"start":{"line":139,"column":16},"end":{"line":139,"column":57},"skip":true},"45":{"start":{"line":143,"column":8},"end":{"line":147,"column":11},"skip":true},"46":{"start":{"line":144,"column":12},"end":{"line":146,"column":15},"skip":true},"47":{"start":{"line":145,"column":16},"end":{"line":145,"column":70},"skip":true},"48":{"start":{"line":149,"column":8},"end":{"line":149,"column":31},"skip":true},"49":{"start":{"line":150,"column":8},"end":{"line":150,"column":14},"skip":true},"50":{"start":{"line":158,"column":8},"end":{"line":158,"column":31},"skip":true},"51":{"start":{"line":160,"column":8},"end":{"line":160,"column":33},"skip":true},"52":{"start":{"line":161,"column":8},"end":{"line":161,"column":37},"skip":true},"53":{"start":{"line":162,"column":8},"end":{"line":162,"column":35},"skip":true},"54":{"start":{"line":164,"column":8},"end":{"line":164,"column":50},"skip":true},"55":{"start":{"line":166,"column":8},"end":{"line":256,"column":2},"skip":true},"56":{"start":{"line":258,"column":8},"end":{"line":286,"column":9},"skip":true},"57":{"start":{"line":259,"column":12},"end":{"line":269,"column":14},"skip":true},"58":{"start":{"line":271,"column":12},"end":{"line":285,"column":19},"skip":true},"59":{"start":{"line":274,"column":20},"end":{"line":274,"column":35},"skip":true},"60":{"start":{"line":275,"column":20},"end":{"line":284,"column":21},"skip":true},"61":{"start":{"line":277,"column":24},"end":{"line":277,"column":64},"skip":true},"62":{"start":{"line":279,"column":24},"end":{"line":279,"column":40},"skip":true},"63":{"start":{"line":281,"column":24},"end":{"line":281,"column":40},"skip":true},"64":{"start":{"line":283,"column":24},"end":{"line":283,"column":39},"skip":true},"65":{"start":{"line":288,"column":8},"end":{"line":290,"column":9},"skip":true},"66":{"start":{"line":289,"column":12},"end":{"line":289,"column":18},"skip":true},"67":{"start":{"line":291,"column":8},"end":{"line":293,"column":54},"skip":true},"68":{"start":{"line":296,"column":8},"end":{"line":301,"column":37},"skip":true},"69":{"start":{"line":303,"column":8},"end":{"line":303,"column":82},"skip":true},"70":{"start":{"line":306,"column":8},"end":{"line":308,"column":9},"skip":true},"71":{"start":{"line":307,"column":12},"end":{"line":307,"column":82},"skip":true},"72":{"start":{"line":310,"column":8},"end":{"line":312,"column":9},"skip":true},"73":{"start":{"line":311,"column":12},"end":{"line":311,"column":18},"skip":true},"74":{"start":{"line":313,"column":8},"end":{"line":313,"column":54},"skip":true},"75":{"start":{"line":314,"column":8},"end":{"line":314,"column":69},"skip":true},"76":{"start":{"line":315,"column":8},"end":{"line":323,"column":36},"skip":true},"77":{"start":{"line":316,"column":12},"end":{"line":316,"column":61},"skip":true},"78":{"start":{"line":317,"column":12},"end":{"line":320,"column":13},"skip":true},"79":{"start":{"line":318,"column":16},"end":{"line":318,"column":75},"skip":true},"80":{"start":{"line":319,"column":16},"end":{"line":319,"column":23},"skip":true},"81":{"start":{"line":321,"column":12},"end":{"line":321,"column":38},"skip":true},"82":{"start":{"line":322,"column":12},"end":{"line":322,"column":27},"skip":true},"83":{"start":{"line":324,"column":8},"end":{"line":324,"column":14},"skip":true}},"branchMap":{"1":{"line":39,"type":"binary-expr","locations":[{"start":{"line":39,"column":23},"end":{"line":39,"column":62}},{"start":{"line":40,"column":20},"end":{"line":40,"column":70}},{"start":{"line":41,"column":20},"end":{"line":41,"column":71}},{"start":{"line":42,"column":20},"end":{"line":42,"column":29}}]},"2":{"line":44,"type":"binary-expr","locations":[{"start":{"line":44,"column":23},"end":{"line":44,"column":37}},{"start":{"line":45,"column":20},"end":{"line":45,"column":61}},{"start":{"line":46,"column":20},"end":{"line":46,"column":70}},{"start":{"line":47,"column":20},"end":{"line":47,"column":26}}]},"3":{"line":51,"type":"cond-expr","locations":[{"start":{"line":52,"column":14},"end":{"line":52,"column":20}},{"start":{"line":53,"column":14},"end":{"line":53,"column":20}}]},"4":{"line":55,"type":"binary-expr","locations":[{"start":{"line":55,"column":16},"end":{"line":55,"column":44}},{"start":{"line":55,"column":49},"end":{"line":57,"column":43}}]},"5":{"line":55,"type":"cond-expr","locations":[{"start":{"line":56,"column":14},"end":{"line":56,"column":57}},{"start":{"line":57,"column":14},"end":{"line":57,"column":43}}]},"6":{"line":61,"type":"switch","locations":[{"start":{"line":68,"column":4},"end":{"line":150,"column":14},"skip":true},{"start":{"line":156,"column":4},"end":{"line":324,"column":14},"skip":true}]},"7":{"line":70,"type":"if","locations":[{"start":{"line":70,"column":12},"end":{"line":70,"column":12},"skip":true},{"start":{"line":70,"column":12},"end":{"line":70,"column":12},"skip":true}]},"8":{"line":70,"type":"binary-expr","locations":[{"start":{"line":70,"column":16},"end":{"line":70,"column":22},"skip":true},{"start":{"line":70,"column":27},"end":{"line":70,"column":32},"skip":true},{"start":{"line":71,"column":20},"end":{"line":71,"column":39},"skip":true},{"start":{"line":72,"column":20},"end":{"line":72,"column":49},"skip":true},{"start":{"line":73,"column":20},"end":{"line":73,"column":58},"skip":true},{"start":{"line":74,"column":20},"end":{"line":74,"column":69},"skip":true}]},"9":{"line":79,"type":"switch","locations":[{"start":{"line":80,"column":20},"end":{"line":80,"column":33},"skip":true},{"start":{"line":81,"column":20},"end":{"line":83,"column":30},"skip":true},{"start":{"line":84,"column":20},"end":{"line":85,"column":49},"skip":true}]},"10":{"line":89,"type":"switch","locations":[{"start":{"line":90,"column":12},"end":{"line":103,"column":22},"skip":true},{"start":{"line":105,"column":12},"end":{"line":106,"column":22},"skip":true}]},"11":{"line":89,"type":"binary-expr","locations":[{"start":{"line":89,"column":20},"end":{"line":89,"column":25},"skip":true},{"start":{"line":89,"column":29},"end":{"line":89,"column":48},"skip":true},{"start":{"line":89,"column":52},"end":{"line":89,"column":74},"skip":true}]},"12":{"line":92,"type":"if","locations":[{"start":{"line":92,"column":16},"end":{"line":92,"column":16},"skip":true},{"start":{"line":92,"column":16},"end":{"line":92,"column":16},"skip":true}]},"13":{"line":108,"type":"if","locations":[{"start":{"line":108,"column":12},"end":{"line":108,"column":12},"skip":true},{"start":{"line":108,"column":12},"end":{"line":108,"column":12},"skip":true}]},"14":{"line":108,"type":"binary-expr","locations":[{"start":{"line":108,"column":16},"end":{"line":108,"column":61},"skip":true},{"start":{"line":108,"column":66},"end":{"line":108,"column":72},"skip":true},{"start":{"line":108,"column":77},"end":{"line":108,"column":82},"skip":true},{"start":{"line":109,"column":20},"end":{"line":109,"column":39},"skip":true},{"start":{"line":110,"column":20},"end":{"line":110,"column":49},"skip":true},{"start":{"line":111,"column":20},"end":{"line":111,"column":58},"skip":true},{"start":{"line":112,"column":20},"end":{"line":112,"column":68},"skip":true}]},"15":{"line":129,"type":"if","locations":[{"start":{"line":129,"column":16},"end":{"line":129,"column":16},"skip":true},{"start":{"line":129,"column":16},"end":{"line":129,"column":16},"skip":true}]},"16":{"line":134,"type":"cond-expr","locations":[{"start":{"line":135,"column":26},"end":{"line":135,"column":29},"skip":true},{"start":{"line":136,"column":26},"end":{"line":136,"column":54},"skip":true}]},"17":{"line":164,"type":"binary-expr","locations":[{"start":{"line":164,"column":27},"end":{"line":164,"column":43},"skip":true},{"start":{"line":164,"column":47},"end":{"line":164,"column":49},"skip":true}]},"18":{"line":258,"type":"if","locations":[{"start":{"line":258,"column":8},"end":{"line":258,"column":8},"skip":true},{"start":{"line":258,"column":8},"end":{"line":258,"column":8},"skip":true}]},"19":{"line":275,"type":"switch","locations":[{"start":{"line":276,"column":20},"end":{"line":277,"column":64},"skip":true},{"start":{"line":278,"column":20},"end":{"line":279,"column":40},"skip":true},{"start":{"line":280,"column":20},"end":{"line":281,"column":40},"skip":true},{"start":{"line":282,"column":20},"end":{"line":283,"column":39},"skip":true}]},"20":{"line":288,"type":"if","locations":[{"start":{"line":288,"column":8},"end":{"line":288,"column":8},"skip":true},{"start":{"line":288,"column":8},"end":{"line":288,"column":8},"skip":true}]},"21":{"line":288,"type":"binary-expr","locations":[{"start":{"line":288,"column":12},"end":{"line":288,"column":40},"skip":true},{"start":{"line":288,"column":44},"end":{"line":288,"column":67},"skip":true}]},"22":{"line":292,"type":"binary-expr","locations":[{"start":{"line":292,"column":12},"end":{"line":292,"column":50},"skip":true},{"start":{"line":293,"column":12},"end":{"line":293,"column":53},"skip":true}]},"23":{"line":297,"type":"binary-expr","locations":[{"start":{"line":297,"column":12},"end":{"line":297,"column":71},"skip":true},{"start":{"line":298,"column":12},"end":{"line":301,"column":36},"skip":true}]},"24":{"line":303,"type":"binary-expr","locations":[{"start":{"line":303,"column":43},"end":{"line":303,"column":75},"skip":true},{"start":{"line":303,"column":79},"end":{"line":303,"column":81},"skip":true}]},"25":{"line":306,"type":"if","locations":[{"start":{"line":306,"column":8},"end":{"line":306,"column":8},"skip":true},{"start":{"line":306,"column":8},"end":{"line":306,"column":8},"skip":true}]},"26":{"line":310,"type":"if","locations":[{"start":{"line":310,"column":8},"end":{"line":310,"column":8},"skip":true},{"start":{"line":310,"column":8},"end":{"line":310,"column":8},"skip":true}]},"27":{"line":313,"type":"binary-expr","locations":[{"start":{"line":313,"column":27},"end":{"line":313,"column":43},"skip":true},{"start":{"line":313,"column":47},"end":{"line":313,"column":53},"skip":true}]},"28":{"line":317,"type":"if","locations":[{"start":{"line":317,"column":12},"end":{"line":317,"column":12},"skip":true},{"start":{"line":317,"column":12},"end":{"line":317,"column":12},"skip":true}]}},"code":["/*","example.js","","quickstart example","","instruction","    1. save this script as example.js","    2. run the shell command:","        $ npm install npmtest-react-s-alert && PORT=8081 node example.js","    3. play with the browser-demo on http://127.0.0.1:8081","*/","","","","/* istanbul instrument in package npmtest_react_s_alert */","/*jslint","    bitwise: true,","    browser: true,","    maxerr: 8,","    maxlen: 96,","    node: true,","    nomen: true,","    regexp: true,","    stupid: true","*/","(function () {","    'use strict';","    var local;","","","","    // run shared js-env code - pre-init","    (function () {","        // init local","        local = {};","        // init modeJs","        local.modeJs = (function () {","            try {","                return typeof navigator.userAgent === 'string' &&","                    typeof document.querySelector('body') === 'object' &&","                    typeof XMLHttpRequest.prototype.open === 'function' &&","                    'browser';","            } catch (errorCaughtBrowser) {","                return module.exports &&","                    typeof process.versions.node === 'string' &&","                    typeof require('http').createServer === 'function' &&","                    'node';","            }","        }());","        // init global","        local.global = local.modeJs === 'browser'","            ? window","            : global;","        // init utility2_rollup","        local = local.global.utility2_rollup || (local.modeJs === 'browser'","            ? local.global.utility2_npmtest_react_s_alert","            : global.utility2_moduleExports);","        // export local","        local.global.local = local;","    }());","    switch (local.modeJs) {","","","","    // post-init","    // run browser js-env code - post-init","    /* istanbul ignore next */","    case 'browser':","        local.testRunBrowser = function (event) {","            if (!event || (event &&","                    event.currentTarget &&","                    event.currentTarget.className &&","                    event.currentTarget.className.includes &&","                    event.currentTarget.className.includes('onreset'))) {","                // reset output","                Array.from(","                    document.querySelectorAll('body > .resettable')","                ).forEach(function (element) {","                    switch (element.tagName) {","                    case 'INPUT':","                    case 'TEXTAREA':","                        element.value = '';","                        break;","                    default:","                        element.textContent = '';","                    }","                });","            }","            switch (event && event.currentTarget && event.currentTarget.id) {","            case 'testRunButton1':","                // show tests","                if (document.querySelector('#testReportDiv1').style.display === 'none') {","                    document.querySelector('#testReportDiv1').style.display = 'block';","                    document.querySelector('#testRunButton1').textContent =","                        'hide internal test';","                    local.modeTest = true;","                    local.testRunDefault(local);","                // hide tests","                } else {","                    document.querySelector('#testReportDiv1').style.display = 'none';","                    document.querySelector('#testRunButton1').textContent = 'run internal test';","                }","                break;","            // custom-case","            default:","                break;","            }","            if (document.querySelector('#inputTextareaEval1') && (!event || (event &&","                    event.currentTarget &&","                    event.currentTarget.className &&","                    event.currentTarget.className.includes &&","                    event.currentTarget.className.includes('oneval')))) {","                // try to eval input-code","                try {","                    /*jslint evil: true*/","                    eval(document.querySelector('#inputTextareaEval1').value);","                } catch (errorCaught) {","                    console.error(errorCaught);","                }","            }","        };","        // log stderr and stdout to #outputTextareaStdout1","        ['error', 'log'].forEach(function (key) {","            console[key + '_original'] = console[key];","            console[key] = function () {","                var element;","                console[key + '_original'].apply(console, arguments);","                element = document.querySelector('#outputTextareaStdout1');","                if (!element) {","                    return;","                }","                // append text to #outputTextareaStdout1","                element.value += Array.from(arguments).map(function (arg) {","                    return typeof arg === 'string'","                        ? arg","                        : JSON.stringify(arg, null, 4);","                }).join(' ') + '\\n';","                // scroll textarea to bottom","                element.scrollTop = element.scrollHeight;","            };","        });","        // init event-handling","        ['change', 'click', 'keyup'].forEach(function (event) {","            Array.from(document.querySelectorAll('.on' + event)).forEach(function (element) {","                element.addEventListener(event, local.testRunBrowser);","            });","        });","        // run tests","        local.testRunBrowser();","        break;","","","","    // run node js-env code - post-init","    /* istanbul ignore next */","    case 'node':","        // export local","        module.exports = local;","        // require modules","        local.fs = require('fs');","        local.http = require('http');","        local.url = require('url');","        // init assets","        local.assetsDict = local.assetsDict || {};","        /* jslint-ignore-begin */","        local.assetsDict['/assets.index.template.html'] = '\\","<!doctype html>\\n\\","<html lang=\"en\">\\n\\","<head>\\n\\","<meta charset=\"UTF-8\">\\n\\","<meta name=\"viewport\" content=\"width=device-width, initial-scale=1\">\\n\\","<title>{{env.npm_package_name}} (v{{env.npm_package_version}})</title>\\n\\","<style>\\n\\","/*csslint\\n\\","    box-sizing: false,\\n\\","    universal-selector: false\\n\\","*/\\n\\","* {\\n\\","    box-sizing: border-box;\\n\\","}\\n\\","body {\\n\\","    background: #dde;\\n\\","    font-family: Arial, Helvetica, sans-serif;\\n\\","    margin: 2rem;\\n\\","}\\n\\","body > * {\\n\\","    margin-bottom: 1rem;\\n\\","}\\n\\",".utility2FooterDiv {\\n\\","    margin-top: 20px;\\n\\","    text-align: center;\\n\\","}\\n\\","</style>\\n\\","<style>\\n\\","/*csslint\\n\\","*/\\n\\","textarea {\\n\\","    font-family: monospace;\\n\\","    height: 10rem;\\n\\","    width: 100%;\\n\\","}\\n\\","textarea[readonly] {\\n\\","    background: #ddd;\\n\\","}\\n\\","</style>\\n\\","</head>\\n\\","<body>\\n\\","<!-- utility2-comment\\n\\","<div id=\"ajaxProgressDiv1\" style=\"background: #d00; height: 2px; left: 0; margin: 0; padding: 0; position: fixed; top: 0; transition: background 0.5s, width 1.5s; width: 25%;\"></div>\\n\\","utility2-comment -->\\n\\","<h1>\\n\\","<!-- utility2-comment\\n\\","    <a\\n\\","        {{#if env.npm_package_homepage}}\\n\\","        href=\"{{env.npm_package_homepage}}\"\\n\\","        {{/if env.npm_package_homepage}}\\n\\","        target=\"_blank\"\\n\\","    >\\n\\","utility2-comment -->\\n\\","        {{env.npm_package_name}} (v{{env.npm_package_version}})\\n\\","<!-- utility2-comment\\n\\","    </a>\\n\\","utility2-comment -->\\n\\","</h1>\\n\\","<h3>{{env.npm_package_description}}</h3>\\n\\","<!-- utility2-comment\\n\\","<h4><a download href=\"assets.app.js\">download standalone app</a></h4>\\n\\","<button class=\"onclick onreset\" id=\"testRunButton1\">run internal test</button><br>\\n\\","<div id=\"testReportDiv1\" style=\"display: none;\"></div>\\n\\","utility2-comment -->\\n\\","\\n\\","\\n\\","\\n\\","<label>stderr and stdout</label>\\n\\","<textarea class=\"resettable\" id=\"outputTextareaStdout1\" readonly></textarea>\\n\\","<!-- utility2-comment\\n\\","{{#if isRollup}}\\n\\","<script src=\"assets.app.js\"></script>\\n\\","{{#unless isRollup}}\\n\\","utility2-comment -->\\n\\","<script src=\"assets.utility2.rollup.js\"></script>\\n\\","<script src=\"jsonp.utility2._stateInit?callback=window.utility2._stateInit\"></script>\\n\\","<script src=\"assets.npmtest_react_s_alert.rollup.js\"></script>\\n\\","<script src=\"assets.example.js\"></script>\\n\\","<script src=\"assets.test.js\"></script>\\n\\","<!-- utility2-comment\\n\\","{{/if isRollup}}\\n\\","utility2-comment -->\\n\\","<div class=\"utility2FooterDiv\">\\n\\","    [ this app was created with\\n\\","    <a href=\"https://github.com/kaizhu256/node-utility2\" target=\"_blank\">utility2</a>\\n\\","    ]\\n\\","</div>\\n\\","</body>\\n\\","</html>\\n\\","';","        /* jslint-ignore-end */","        if (local.templateRender) {","            local.assetsDict['/'] = local.templateRender(","                local.assetsDict['/assets.index.template.html'],","                {","                    env: local.objectSetDefault(local.env, {","                        npm_package_description: 'the greatest app in the world!',","                        npm_package_name: 'my-app',","                        npm_package_nameAlias: 'my_app',","                        npm_package_version: '0.0.1'","                    })","                }","            );","        } else {","            local.assetsDict['/'] = local.assetsDict['/assets.index.template.html']","                .replace((/\\{\\{env\\.(\\w+?)\\}\\}/g), function (match0, match1) {","                    // jslint-hack","                    String(match0);","                    switch (match1) {","                    case 'npm_package_description':","                        return 'the greatest app in the world!';","                    case 'npm_package_name':","                        return 'my-app';","                    case 'npm_package_nameAlias':","                        return 'my_app';","                    case 'npm_package_version':","                        return '0.0.1';","                    }","                });","        }","        // run the cli","        if (local.global.utility2_rollup || module !== require.main) {","            break;","        }","        local.assetsDict['/assets.example.js'] =","            local.assetsDict['/assets.example.js'] ||","            local.fs.readFileSync(__filename, 'utf8');","        // bug-workaround - long $npm_package_buildCustomOrg","        /* jslint-ignore-begin */","        local.assetsDict['/assets.npmtest_react_s_alert.rollup.js'] =","            local.assetsDict['/assets.npmtest_react_s_alert.rollup.js'] ||","            local.fs.readFileSync(","                local.npmtest_react_s_alert.__dirname + '/lib.npmtest_react_s_alert.js',","                'utf8'","            ).replace((/^#!/), '//');","        /* jslint-ignore-end */","        local.assetsDict['/favicon.ico'] = local.assetsDict['/favicon.ico'] || '';","        // if $npm_config_timeout_exit exists,","        // then exit this process after $npm_config_timeout_exit ms","        if (Number(process.env.npm_config_timeout_exit)) {","            setTimeout(process.exit, Number(process.env.npm_config_timeout_exit));","        }","        // start server","        if (local.global.utility2_serverHttp1) {","            break;","        }","        process.env.PORT = process.env.PORT || '8081';","        console.error('server starting on port ' + process.env.PORT);","        local.http.createServer(function (request, response) {","            request.urlParsed = local.url.parse(request.url);","            if (local.assetsDict[request.urlParsed.pathname] !== undefined) {","                response.end(local.assetsDict[request.urlParsed.pathname]);","                return;","            }","            response.statusCode = 404;","            response.end();","        }).listen(process.env.PORT);","        break;","    }","}());",""],"l":{"26":2,"28":2,"33":2,"35":2,"37":2,"38":2,"39":2,"44":1,"51":2,"55":2,"59":2,"61":2,"69":1,"70":2,"76":2,"79":2,"82":2,"83":2,"85":1,"89":2,"92":1,"93":1,"94":1,"96":1,"97":1,"100":1,"101":1,"103":1,"106":1,"108":2,"114":1,"116":1,"118":1,"123":1,"124":2,"125":2,"126":3,"127":3,"128":3,"129":3,"130":1,"133":3,"134":3,"139":3,"143":1,"144":3,"145":1,"149":1,"150":1,"158":1,"160":1,"161":1,"162":1,"164":1,"166":1,"258":1,"259":1,"271":1,"274":6,"275":6,"277":1,"279":2,"281":1,"283":2,"288":1,"289":1,"291":1,"296":1,"303":1,"306":1,"307":1,"310":1,"311":1,"313":1,"314":1,"315":1,"316":1,"317":1,"318":1,"319":1,"321":1,"322":1,"324":1}},"/home/travis/build/npmtest/node-npmtest-react-s-alert/node_modules/react-s-alert/index.js":{"path":"/home/travis/build/npmtest/node-npmtest-react-s-alert/node_modules/react-s-alert/index.js","s":{"1":1},"b":{},"f":{},"fnMap":{},"statementMap":{"1":{"start":{"line":1,"column":0},"end":{"line":1,"column":42}}},"branchMap":{},"code":["module.exports = require('./dist/SAlert');"],"l":{"1":1}},"/home/travis/build/npmtest/node-npmtest-react-s-alert/node_modules/react-s-alert/dist/SAlert.js":{"path":"/home/travis/build/npmtest/node-npmtest-react-s-alert/node_modules/react-s-alert/dist/SAlert.js","s":{"1":1,"2":1,"3":0,"4":1,"5":1,"6":0,"7":0,"8":0,"9":1,"10":1,"11":1,"12":1,"13":1,"14":1,"15":1,"16":1,"17":6,"18":1,"19":0,"20":0,"21":1,"22":1,"23":2,"24":9,"25":9,"26":9,"27":9,"28":9,"29":9,"30":1,"31":1,"32":1,"33":1,"34":1,"35":1,"36":1,"37":0,"38":0,"39":0,"40":1,"41":1,"42":0,"43":1,"44":1,"45":1,"46":1,"47":0,"48":0,"49":0,"50":1,"51":1,"52":1,"53":0,"54":0,"55":0,"56":0,"57":1,"58":0,"59":0,"60":0,"61":0,"62":0,"63":0,"64":0,"65":0,"66":0,"67":0,"68":0,"69":0,"70":0,"71":0,"72":0,"73":0,"74":0,"75":0,"76":0,"77":0,"78":0,"79":0,"80":0,"81":0,"82":0,"83":0,"84":0,"85":0,"86":0,"87":0,"88":0,"89":0,"90":0,"91":0,"92":0,"93":0,"94":0,"95":0,"96":0,"97":0,"98":0,"99":0,"100":0,"101":0,"102":0,"103":0,"104":0,"105":0,"106":0,"107":0,"108":0,"109":0,"110":0,"111":0,"112":0,"113":0,"114":0,"115":0,"116":0,"117":0,"118":0,"119":0,"120":0,"121":0,"122":0,"123":0,"124":0,"125":0,"126":0,"127":0,"128":0,"129":0,"130":0,"131":0,"132":0,"133":0,"134":0,"135":0,"136":0,"137":0,"138":1,"139":1,"140":1},"b":{"1":[0,1],"2":[1,0],"3":[1,0],"4":[4,2],"5":[6,6],"6":[0,0],"7":[9,9],"8":[9,0],"9":[1,0],"10":[1,0],"11":[0,0],"12":[0,0],"13":[0,0,0],"14":[0,1],"15":[1,0],"16":[1,1],"17":[1,0],"18":[1,0],"19":[0,0],"20":[0,0],"21":[0,0],"22":[0,0,0],"23":[0,0],"24":[0,0],"25":[0,0],"26":[0,0,0],"27":[0,0],"28":[0,0],"29":[0,0],"30":[0,0,0],"31":[0,0],"32":[0,0],"33":[0,0],"34":[0,0,0],"35":[0,0],"36":[0,0]},"f":{"1":1,"2":1,"3":6,"4":0,"5":1,"6":2,"7":1,"8":0,"9":1,"10":0,"11":1,"12":0,"13":0,"14":0,"15":0,"16":0,"17":0,"18":0,"19":0,"20":0,"21":0,"22":0,"23":0,"24":0,"25":0,"26":0},"fnMap":{"1":{"name":"(anonymous_1)","line":1,"loc":{"start":{"line":1,"column":1},"end":{"line":1,"column":28}}},"2":{"name":"(anonymous_2)","line":13,"loc":{"start":{"line":13,"column":9},"end":{"line":13,"column":109}}},"3":{"name":"_interopRequireDefault","line":32,"loc":{"start":{"line":32,"column":4},"end":{"line":32,"column":41}}},"4":{"name":"_classCallCheck","line":38,"loc":{"start":{"line":38,"column":4},"end":{"line":38,"column":52}}},"5":{"name":"(anonymous_5)","line":44,"loc":{"start":{"line":44,"column":23},"end":{"line":44,"column":35}}},"6":{"name":"defineProperties","line":45,"loc":{"start":{"line":45,"column":8},"end":{"line":45,"column":49}}},"7":{"name":"(anonymous_7)","line":55,"loc":{"start":{"line":55,"column":15},"end":{"line":55,"column":63}}},"8":{"name":"_possibleConstructorReturn","line":62,"loc":{"start":{"line":62,"column":4},"end":{"line":62,"column":52}}},"9":{"name":"_inherits","line":70,"loc":{"start":{"line":70,"column":4},"end":{"line":70,"column":45}}},"10":{"name":"insertFunc","line":86,"loc":{"start":{"line":86,"column":21},"end":{"line":86,"column":63}}},"11":{"name":"(anonymous_11)","line":99,"loc":{"start":{"line":99,"column":17},"end":{"line":99,"column":45}}},"12":{"name":"SAlert","line":102,"loc":{"start":{"line":102,"column":8},"end":{"line":102,"column":31}}},"13":{"name":"componentDidMount","line":118,"loc":{"start":{"line":118,"column":19},"end":{"line":118,"column":48}}},"14":{"name":"addToStoreRight","line":126,"loc":{"start":{"line":126,"column":38},"end":{"line":126,"column":65}}},"15":{"name":"addToStoreLeft","line":139,"loc":{"start":{"line":139,"column":37},"end":{"line":139,"column":63}}},"16":{"name":"addToStoreTop","line":152,"loc":{"start":{"line":152,"column":36},"end":{"line":152,"column":61}}},"17":{"name":"addToStoreBottom","line":165,"loc":{"start":{"line":165,"column":39},"end":{"line":165,"column":67}}},"18":{"name":"componentWillUnmount","line":193,"loc":{"start":{"line":193,"column":19},"end":{"line":193,"column":51}}},"19":{"name":"render","line":201,"loc":{"start":{"line":201,"column":19},"end":{"line":201,"column":37}}},"20":{"name":"mapFunc","line":204,"loc":{"start":{"line":204,"column":30},"end":{"line":204,"column":61}}},"21":{"name":"info","line":251,"loc":{"start":{"line":251,"column":19},"end":{"line":251,"column":44}}},"22":{"name":"error","line":256,"loc":{"start":{"line":256,"column":19},"end":{"line":256,"column":45}}},"23":{"name":"warning","line":261,"loc":{"start":{"line":261,"column":19},"end":{"line":261,"column":47}}},"24":{"name":"success","line":266,"loc":{"start":{"line":266,"column":19},"end":{"line":266,"column":47}}},"25":{"name":"close","line":271,"loc":{"start":{"line":271,"column":19},"end":{"line":271,"column":38}}},"26":{"name":"closeAll","line":276,"loc":{"start":{"line":276,"column":19},"end":{"line":276,"column":39}}}},"statementMap":{"1":{"start":{"line":1,"column":0},"end":{"line":300,"column":3}},"2":{"start":{"line":2,"column":4},"end":{"line":12,"column":5}},"3":{"start":{"line":3,"column":8},"end":{"line":3,"column":182}},"4":{"start":{"line":4,"column":11},"end":{"line":12,"column":5}},"5":{"start":{"line":5,"column":8},"end":{"line":5,"column":224}},"6":{"start":{"line":7,"column":8},"end":{"line":9,"column":10}},"7":{"start":{"line":10,"column":8},"end":{"line":10,"column":146}},"8":{"start":{"line":11,"column":8},"end":{"line":11,"column":36}},"9":{"start":{"line":16,"column":4},"end":{"line":18,"column":7}},"10":{"start":{"line":20,"column":4},"end":{"line":20,"column":49}},"11":{"start":{"line":22,"column":4},"end":{"line":22,"column":65}},"12":{"start":{"line":24,"column":4},"end":{"line":24,"column":57}},"13":{"start":{"line":26,"column":4},"end":{"line":26,"column":61}},"14":{"start":{"line":28,"column":4},"end":{"line":28,"column":61}},"15":{"start":{"line":30,"column":4},"end":{"line":30,"column":67}},"16":{"start":{"line":32,"column":4},"end":{"line":36,"column":5}},"17":{"start":{"line":33,"column":8},"end":{"line":35,"column":10}},"18":{"start":{"line":38,"column":4},"end":{"line":42,"column":5}},"19":{"start":{"line":39,"column":8},"end":{"line":41,"column":9}},"20":{"start":{"line":40,"column":12},"end":{"line":40,"column":69}},"21":{"start":{"line":44,"column":4},"end":{"line":60,"column":8}},"22":{"start":{"line":45,"column":8},"end":{"line":53,"column":9}},"23":{"start":{"line":46,"column":12},"end":{"line":52,"column":13}},"24":{"start":{"line":47,"column":16},"end":{"line":47,"column":42}},"25":{"start":{"line":48,"column":16},"end":{"line":48,"column":71}},"26":{"start":{"line":49,"column":16},"end":{"line":49,"column":47}},"27":{"start":{"line":50,"column":16},"end":{"line":50,"column":70}},"28":{"start":{"line":50,"column":43},"end":{"line":50,"column":70}},"29":{"start":{"line":51,"column":16},"end":{"line":51,"column":74}},"30":{"start":{"line":55,"column":8},"end":{"line":59,"column":10}},"31":{"start":{"line":56,"column":12},"end":{"line":56,"column":80}},"32":{"start":{"line":56,"column":28},"end":{"line":56,"column":80}},"33":{"start":{"line":57,"column":12},"end":{"line":57,"column":72}},"34":{"start":{"line":57,"column":29},"end":{"line":57,"column":72}},"35":{"start":{"line":58,"column":12},"end":{"line":58,"column":31}},"36":{"start":{"line":62,"column":4},"end":{"line":68,"column":5}},"37":{"start":{"line":63,"column":8},"end":{"line":65,"column":9}},"38":{"start":{"line":64,"column":12},"end":{"line":64,"column":98}},"39":{"start":{"line":67,"column":8},"end":{"line":67,"column":94}},"40":{"start":{"line":70,"column":4},"end":{"line":84,"column":5}},"41":{"start":{"line":71,"column":8},"end":{"line":73,"column":9}},"42":{"start":{"line":72,"column":12},"end":{"line":72,"column":112}},"43":{"start":{"line":75,"column":8},"end":{"line":82,"column":11}},"44":{"start":{"line":83,"column":8},"end":{"line":83,"column":126}},"45":{"start":{"line":83,"column":24},"end":{"line":83,"column":126}},"46":{"start":{"line":86,"column":4},"end":{"line":97,"column":6}},"47":{"start":{"line":87,"column":8},"end":{"line":87,"column":50}},"48":{"start":{"line":88,"column":8},"end":{"line":95,"column":11}},"49":{"start":{"line":96,"column":8},"end":{"line":96,"column":18}},"50":{"start":{"line":99,"column":4},"end":{"line":282,"column":33}},"51":{"start":{"line":100,"column":8},"end":{"line":100,"column":44}},"52":{"start":{"line":102,"column":8},"end":{"line":114,"column":9}},"53":{"start":{"line":103,"column":12},"end":{"line":103,"column":42}},"54":{"start":{"line":105,"column":12},"end":{"line":105,"column":128}},"55":{"start":{"line":107,"column":12},"end":{"line":112,"column":14}},"56":{"start":{"line":113,"column":12},"end":{"line":113,"column":25}},"57":{"start":{"line":116,"column":8},"end":{"line":279,"column":12}},"58":{"start":{"line":119,"column":16},"end":{"line":119,"column":34}},"59":{"start":{"line":121,"column":16},"end":{"line":121,"column":44}},"60":{"start":{"line":122,"column":16},"end":{"line":122,"column":45}},"61":{"start":{"line":123,"column":16},"end":{"line":123,"column":43}},"62":{"start":{"line":124,"column":16},"end":{"line":124,"column":46}},"63":{"start":{"line":126,"column":16},"end":{"line":136,"column":18}},"64":{"start":{"line":127,"column":20},"end":{"line":127,"column":40}},"65":{"start":{"line":128,"column":20},"end":{"line":128,"column":83}},"66":{"start":{"line":129,"column":20},"end":{"line":129,"column":52}},"67":{"start":{"line":130,"column":20},"end":{"line":134,"column":21}},"68":{"start":{"line":131,"column":24},"end":{"line":131,"column":55}},"69":{"start":{"line":132,"column":24},"end":{"line":132,"column":93}},"70":{"start":{"line":133,"column":24},"end":{"line":133,"column":87}},"71":{"start":{"line":135,"column":20},"end":{"line":135,"column":68}},"72":{"start":{"line":137,"column":16},"end":{"line":137,"column":88}},"73":{"start":{"line":139,"column":16},"end":{"line":149,"column":18}},"74":{"start":{"line":140,"column":20},"end":{"line":140,"column":40}},"75":{"start":{"line":141,"column":20},"end":{"line":141,"column":81}},"76":{"start":{"line":142,"column":20},"end":{"line":142,"column":51}},"77":{"start":{"line":143,"column":20},"end":{"line":147,"column":21}},"78":{"start":{"line":144,"column":24},"end":{"line":144,"column":54}},"79":{"start":{"line":145,"column":24},"end":{"line":145,"column":93}},"80":{"start":{"line":146,"column":24},"end":{"line":146,"column":85}},"81":{"start":{"line":148,"column":20},"end":{"line":148,"column":66}},"82":{"start":{"line":150,"column":16},"end":{"line":150,"column":86}},"83":{"start":{"line":152,"column":16},"end":{"line":162,"column":18}},"84":{"start":{"line":153,"column":20},"end":{"line":153,"column":40}},"85":{"start":{"line":154,"column":20},"end":{"line":154,"column":84}},"86":{"start":{"line":155,"column":20},"end":{"line":155,"column":50}},"87":{"start":{"line":156,"column":20},"end":{"line":160,"column":21}},"88":{"start":{"line":157,"column":24},"end":{"line":157,"column":53}},"89":{"start":{"line":158,"column":24},"end":{"line":158,"column":93}},"90":{"start":{"line":159,"column":24},"end":{"line":159,"column":88}},"91":{"start":{"line":161,"column":20},"end":{"line":161,"column":64}},"92":{"start":{"line":163,"column":16},"end":{"line":163,"column":84}},"93":{"start":{"line":165,"column":16},"end":{"line":175,"column":18}},"94":{"start":{"line":166,"column":20},"end":{"line":166,"column":40}},"95":{"start":{"line":167,"column":20},"end":{"line":167,"column":90}},"96":{"start":{"line":168,"column":20},"end":{"line":168,"column":53}},"97":{"start":{"line":169,"column":20},"end":{"line":173,"column":21}},"98":{"start":{"line":170,"column":24},"end":{"line":170,"column":56}},"99":{"start":{"line":171,"column":24},"end":{"line":171,"column":93}},"100":{"start":{"line":172,"column":24},"end":{"line":172,"column":94}},"101":{"start":{"line":174,"column":20},"end":{"line":174,"column":70}},"102":{"start":{"line":176,"column":16},"end":{"line":176,"column":90}},"103":{"start":{"line":180,"column":16},"end":{"line":188,"column":18}},"104":{"start":{"line":189,"column":16},"end":{"line":189,"column":68}},"105":{"start":{"line":194,"column":16},"end":{"line":194,"column":37}},"106":{"start":{"line":195,"column":16},"end":{"line":195,"column":40}},"107":{"start":{"line":196,"column":16},"end":{"line":196,"column":38}},"108":{"start":{"line":197,"column":16},"end":{"line":197,"column":39}},"109":{"start":{"line":202,"column":16},"end":{"line":202,"column":34}},"110":{"start":{"line":204,"column":16},"end":{"line":235,"column":18}},"111":{"start":{"line":205,"column":20},"end":{"line":205,"column":83}},"112":{"start":{"line":206,"column":20},"end":{"line":206,"column":38}},"113":{"start":{"line":207,"column":20},"end":{"line":207,"column":102}},"114":{"start":{"line":208,"column":20},"end":{"line":208,"column":116}},"115":{"start":{"line":209,"column":20},"end":{"line":209,"column":128}},"116":{"start":{"line":210,"column":20},"end":{"line":210,"column":112}},"117":{"start":{"line":211,"column":20},"end":{"line":211,"column":109}},"118":{"start":{"line":212,"column":20},"end":{"line":212,"column":56}},"119":{"start":{"line":213,"column":20},"end":{"line":213,"column":110}},"120":{"start":{"line":214,"column":20},"end":{"line":214,"column":118}},"121":{"start":{"line":215,"column":20},"end":{"line":215,"column":103}},"122":{"start":{"line":216,"column":20},"end":{"line":216,"column":112}},"123":{"start":{"line":217,"column":20},"end":{"line":217,"column":109}},"124":{"start":{"line":218,"column":20},"end":{"line":218,"column":127}},"125":{"start":{"line":219,"column":20},"end":{"line":219,"column":71}},"126":{"start":{"line":220,"column":20},"end":{"line":234,"column":60}},"127":{"start":{"line":236,"column":16},"end":{"line":236,"column":73}},"128":{"start":{"line":237,"column":16},"end":{"line":237,"column":71}},"129":{"start":{"line":238,"column":16},"end":{"line":238,"column":69}},"130":{"start":{"line":239,"column":16},"end":{"line":239,"column":75}},"131":{"start":{"line":240,"column":16},"end":{"line":247,"column":18}},"132":{"start":{"line":252,"column":16},"end":{"line":252,"column":53}},"133":{"start":{"line":257,"column":16},"end":{"line":257,"column":54}},"134":{"start":{"line":262,"column":16},"end":{"line":262,"column":56}},"135":{"start":{"line":267,"column":16},"end":{"line":267,"column":56}},"136":{"start":{"line":272,"column":16},"end":{"line":272,"column":85}},"137":{"start":{"line":277,"column":16},"end":{"line":277,"column":70}},"138":{"start":{"line":281,"column":8},"end":{"line":281,"column":22}},"139":{"start":{"line":284,"column":4},"end":{"line":297,"column":6}},"140":{"start":{"line":299,"column":4},"end":{"line":299,"column":29}}},"branchMap":{"1":{"line":2,"type":"if","locations":[{"start":{"line":2,"column":4},"end":{"line":2,"column":4}},{"start":{"line":2,"column":4},"end":{"line":2,"column":4}}]},"2":{"line":2,"type":"binary-expr","locations":[{"start":{"line":2,"column":8},"end":{"line":2,"column":36}},{"start":{"line":2,"column":40},"end":{"line":2,"column":50}}]},"3":{"line":4,"type":"if","locations":[{"start":{"line":4,"column":11},"end":{"line":4,"column":11}},{"start":{"line":4,"column":11},"end":{"line":4,"column":11}}]},"4":{"line":33,"type":"cond-expr","locations":[{"start":{"line":33,"column":39},"end":{"line":33,"column":42}},{"start":{"line":33,"column":45},"end":{"line":35,"column":9}}]},"5":{"line":33,"type":"binary-expr","locations":[{"start":{"line":33,"column":15},"end":{"line":33,"column":18}},{"start":{"line":33,"column":22},"end":{"line":33,"column":36}}]},"6":{"line":39,"type":"if","locations":[{"start":{"line":39,"column":8},"end":{"line":39,"column":8}},{"start":{"line":39,"column":8},"end":{"line":39,"column":8}}]},"7":{"line":48,"type":"binary-expr","locations":[{"start":{"line":48,"column":40},"end":{"line":48,"column":61}},{"start":{"line":48,"column":65},"end":{"line":48,"column":70}}]},"8":{"line":50,"type":"if","locations":[{"start":{"line":50,"column":16},"end":{"line":50,"column":16}},{"start":{"line":50,"column":16},"end":{"line":50,"column":16}}]},"9":{"line":56,"type":"if","locations":[{"start":{"line":56,"column":12},"end":{"line":56,"column":12}},{"start":{"line":56,"column":12},"end":{"line":56,"column":12}}]},"10":{"line":57,"type":"if","locations":[{"start":{"line":57,"column":12},"end":{"line":57,"column":12}},{"start":{"line":57,"column":12},"end":{"line":57,"column":12}}]},"11":{"line":63,"type":"if","locations":[{"start":{"line":63,"column":8},"end":{"line":63,"column":8}},{"start":{"line":63,"column":8},"end":{"line":63,"column":8}}]},"12":{"line":67,"type":"cond-expr","locations":[{"start":{"line":67,"column":82},"end":{"line":67,"column":86}},{"start":{"line":67,"column":89},"end":{"line":67,"column":93}}]},"13":{"line":67,"type":"binary-expr","locations":[{"start":{"line":67,"column":15},"end":{"line":67,"column":19}},{"start":{"line":67,"column":24},"end":{"line":67,"column":48}},{"start":{"line":67,"column":52},"end":{"line":67,"column":78}}]},"14":{"line":71,"type":"if","locations":[{"start":{"line":71,"column":8},"end":{"line":71,"column":8}},{"start":{"line":71,"column":8},"end":{"line":71,"column":8}}]},"15":{"line":71,"type":"binary-expr","locations":[{"start":{"line":71,"column":12},"end":{"line":71,"column":44}},{"start":{"line":71,"column":48},"end":{"line":71,"column":67}}]},"16":{"line":75,"type":"binary-expr","locations":[{"start":{"line":75,"column":43},"end":{"line":75,"column":53}},{"start":{"line":75,"column":57},"end":{"line":75,"column":77}}]},"17":{"line":83,"type":"if","locations":[{"start":{"line":83,"column":8},"end":{"line":83,"column":8}},{"start":{"line":83,"column":8},"end":{"line":83,"column":8}}]},"18":{"line":83,"type":"cond-expr","locations":[{"start":{"line":83,"column":48},"end":{"line":83,"column":91}},{"start":{"line":83,"column":94},"end":{"line":83,"column":125}}]},"19":{"line":105,"type":"binary-expr","locations":[{"start":{"line":105,"column":58},"end":{"line":105,"column":74}},{"start":{"line":105,"column":78},"end":{"line":105,"column":107}}]},"20":{"line":128,"type":"binary-expr","locations":[{"start":{"line":128,"column":38},"end":{"line":128,"column":76}},{"start":{"line":128,"column":80},"end":{"line":128,"column":82}}]},"21":{"line":130,"type":"if","locations":[{"start":{"line":130,"column":20},"end":{"line":130,"column":20}},{"start":{"line":130,"column":20},"end":{"line":130,"column":20}}]},"22":{"line":130,"type":"binary-expr","locations":[{"start":{"line":130,"column":24},"end":{"line":130,"column":42}},{"start":{"line":130,"column":46},"end":{"line":130,"column":70}},{"start":{"line":130,"column":74},"end":{"line":130,"column":107}}]},"23":{"line":133,"type":"binary-expr","locations":[{"start":{"line":133,"column":42},"end":{"line":133,"column":80}},{"start":{"line":133,"column":84},"end":{"line":133,"column":86}}]},"24":{"line":141,"type":"binary-expr","locations":[{"start":{"line":141,"column":37},"end":{"line":141,"column":74}},{"start":{"line":141,"column":78},"end":{"line":141,"column":80}}]},"25":{"line":143,"type":"if","locations":[{"start":{"line":143,"column":20},"end":{"line":143,"column":20}},{"start":{"line":143,"column":20},"end":{"line":143,"column":20}}]},"26":{"line":143,"type":"binary-expr","locations":[{"start":{"line":143,"column":24},"end":{"line":143,"column":42}},{"start":{"line":143,"column":46},"end":{"line":143,"column":70}},{"start":{"line":143,"column":74},"end":{"line":143,"column":107}}]},"27":{"line":146,"type":"binary-expr","locations":[{"start":{"line":146,"column":41},"end":{"line":146,"column":78}},{"start":{"line":146,"column":82},"end":{"line":146,"column":84}}]},"28":{"line":154,"type":"binary-expr","locations":[{"start":{"line":154,"column":36},"end":{"line":154,"column":77}},{"start":{"line":154,"column":81},"end":{"line":154,"column":83}}]},"29":{"line":156,"type":"if","locations":[{"start":{"line":156,"column":20},"end":{"line":156,"column":20}},{"start":{"line":156,"column":20},"end":{"line":156,"column":20}}]},"30":{"line":156,"type":"binary-expr","locations":[{"start":{"line":156,"column":24},"end":{"line":156,"column":42}},{"start":{"line":156,"column":46},"end":{"line":156,"column":70}},{"start":{"line":156,"column":74},"end":{"line":156,"column":107}}]},"31":{"line":159,"type":"binary-expr","locations":[{"start":{"line":159,"column":40},"end":{"line":159,"column":81}},{"start":{"line":159,"column":85},"end":{"line":159,"column":87}}]},"32":{"line":167,"type":"binary-expr","locations":[{"start":{"line":167,"column":39},"end":{"line":167,"column":83}},{"start":{"line":167,"column":87},"end":{"line":167,"column":89}}]},"33":{"line":169,"type":"if","locations":[{"start":{"line":169,"column":20},"end":{"line":169,"column":20}},{"start":{"line":169,"column":20},"end":{"line":169,"column":20}}]},"34":{"line":169,"type":"binary-expr","locations":[{"start":{"line":169,"column":24},"end":{"line":169,"column":42}},{"start":{"line":169,"column":46},"end":{"line":169,"column":70}},{"start":{"line":169,"column":74},"end":{"line":169,"column":107}}]},"35":{"line":172,"type":"binary-expr","locations":[{"start":{"line":172,"column":43},"end":{"line":172,"column":87}},{"start":{"line":172,"column":91},"end":{"line":172,"column":93}}]},"36":{"line":187,"type":"binary-expr","locations":[{"start":{"line":187,"column":30},"end":{"line":187,"column":49}},{"start":{"line":187,"column":53},"end":{"line":187,"column":64}}]}},"code":["(function (global, factory) {","    if (typeof define === \"function\" && define.amd) {","        define(['exports', 'react', './SAlertContent', 'prop-types', './s-alert-parts/s-alert-store', './s-alert-parts/s-alert-tools', './s-alert-parts/s-alert-data-prep'], factory);","    } else if (typeof exports !== \"undefined\") {","        factory(exports, require('react'), require('./SAlertContent'), require('prop-types'), require('./s-alert-parts/s-alert-store'), require('./s-alert-parts/s-alert-tools'), require('./s-alert-parts/s-alert-data-prep'));","    } else {","        var mod = {","            exports: {}","        };","        factory(mod.exports, global.react, global.SAlertContent, global.propTypes, global.sAlertStore, global.sAlertTools, global.sAlertDataPrep);","        global.SAlert = mod.exports;","    }","})(this, function (exports, _react, _SAlertContent, _propTypes, _sAlertStore, _sAlertTools, _sAlertDataPrep) {","    'use strict';","","    Object.defineProperty(exports, \"__esModule\", {","        value: true","    });","","    var _react2 = _interopRequireDefault(_react);","","    var _SAlertContent2 = _interopRequireDefault(_SAlertContent);","","    var _propTypes2 = _interopRequireDefault(_propTypes);","","    var _sAlertStore2 = _interopRequireDefault(_sAlertStore);","","    var _sAlertTools2 = _interopRequireDefault(_sAlertTools);","","    var _sAlertDataPrep2 = _interopRequireDefault(_sAlertDataPrep);","","    function _interopRequireDefault(obj) {","        return obj && obj.__esModule ? obj : {","            default: obj","        };","    }","","    function _classCallCheck(instance, Constructor) {","        if (!(instance instanceof Constructor)) {","            throw new TypeError(\"Cannot call a class as a function\");","        }","    }","","    var _createClass = function () {","        function defineProperties(target, props) {","            for (var i = 0; i < props.length; i++) {","                var descriptor = props[i];","                descriptor.enumerable = descriptor.enumerable || false;","                descriptor.configurable = true;","                if (\"value\" in descriptor) descriptor.writable = true;","                Object.defineProperty(target, descriptor.key, descriptor);","            }","        }","","        return function (Constructor, protoProps, staticProps) {","            if (protoProps) defineProperties(Constructor.prototype, protoProps);","            if (staticProps) defineProperties(Constructor, staticProps);","            return Constructor;","        };","    }();","","    function _possibleConstructorReturn(self, call) {","        if (!self) {","            throw new ReferenceError(\"this hasn't been initialised - super() hasn't been called\");","        }","","        return call && (typeof call === \"object\" || typeof call === \"function\") ? call : self;","    }","","    function _inherits(subClass, superClass) {","        if (typeof superClass !== \"function\" && superClass !== null) {","            throw new TypeError(\"Super expression must either be null or a function, not \" + typeof superClass);","        }","","        subClass.prototype = Object.create(superClass && superClass.prototype, {","            constructor: {","                value: subClass,","                enumerable: false,","                writable: true,","                configurable: true","            }","        });","        if (superClass) Object.setPrototypeOf ? Object.setPrototypeOf(subClass, superClass) : subClass.__proto__ = superClass;","    }","","    var insertFunc = function insertFunc(msg, data, condition) {","        var id = _sAlertTools2.default.randomId();","        _sAlertStore2.default.dispatch({","            type: 'INSERT',","            data: Object.assign({}, data, {","                id: id,","                condition: condition,","                message: msg","            })","        });","        return id;","    };","","    var SAlert = function (_React$Component) {","        _inherits(SAlert, _React$Component);","","        function SAlert(props) {","            _classCallCheck(this, SAlert);","","            var _this = _possibleConstructorReturn(this, (SAlert.__proto__ || Object.getPrototypeOf(SAlert)).call(this, props));","","            _this.state = {","                dataRight: [],","                dataLeft: [],","                dataTop: [],","                dataBottom: []","            };","            return _this;","        }","","        _createClass(SAlert, [{","            key: 'componentDidMount',","            value: function componentDidMount() {","                var _this2 = this;","","                var storeStateLeft = void 0;","                var storeStateRight = void 0;","                var storeStateTop = void 0;","                var storeStateBottom = void 0;","","                var addToStoreRight = function addToStoreRight() {","                    var length = void 0;","                    storeStateRight = (0, _sAlertDataPrep2.default)('right') || [];","                    length = storeStateRight.length;","                    if (_this2.props.stack && _this2.props.stack.limit && length > _this2.props.stack.limit) {","                        var id = storeStateRight[0].id;","                        _sAlertStore2.default.dispatch({ type: 'REMOVE', data: { id: id } });","                        storeStateRight = (0, _sAlertDataPrep2.default)('right') || [];","                    }","                    _this2.setState({ dataRight: storeStateRight });","                };","                this.unsubStoreRight = _sAlertStore2.default.subscribe(addToStoreRight);","","                var addToStoreLeft = function addToStoreLeft() {","                    var length = void 0;","                    storeStateLeft = (0, _sAlertDataPrep2.default)('left') || [];","                    length = storeStateLeft.length;","                    if (_this2.props.stack && _this2.props.stack.limit && length > _this2.props.stack.limit) {","                        var id = storeStateLeft[0].id;","                        _sAlertStore2.default.dispatch({ type: 'REMOVE', data: { id: id } });","                        storeStateLeft = (0, _sAlertDataPrep2.default)('left') || [];","                    }","                    _this2.setState({ dataLeft: storeStateLeft });","                };","                this.unsubStoreLeft = _sAlertStore2.default.subscribe(addToStoreLeft);","","                var addToStoreTop = function addToStoreTop() {","                    var length = void 0;","                    storeStateTop = (0, _sAlertDataPrep2.default)('full-top') || [];","                    length = storeStateTop.length;","                    if (_this2.props.stack && _this2.props.stack.limit && length > _this2.props.stack.limit) {","                        var id = storeStateTop[0].id;","                        _sAlertStore2.default.dispatch({ type: 'REMOVE', data: { id: id } });","                        storeStateTop = (0, _sAlertDataPrep2.default)('full-top') || [];","                    }","                    _this2.setState({ dataTop: storeStateTop });","                };","                this.unsubStoreTop = _sAlertStore2.default.subscribe(addToStoreTop);","","                var addToStoreBottom = function addToStoreBottom() {","                    var length = void 0;","                    storeStateBottom = (0, _sAlertDataPrep2.default)('full-bottom') || [];","                    length = storeStateBottom.length;","                    if (_this2.props.stack && _this2.props.stack.limit && length > _this2.props.stack.limit) {","                        var id = storeStateBottom[0].id;","                        _sAlertStore2.default.dispatch({ type: 'REMOVE', data: { id: id } });","                        storeStateBottom = (0, _sAlertDataPrep2.default)('full-bottom') || [];","                    }","                    _this2.setState({ dataBottom: storeStateBottom });","                };","                this.unsubStoreBottom = _sAlertStore2.default.subscribe(addToStoreBottom);","","                // set up global config from global SAlert props","   
[...]
mn":16},"end":{"line":134,"column":54}},"81":{"start":{"line":135,"column":16},"end":{"line":135,"column":119}},"82":{"start":{"line":136,"column":16},"end":{"line":138,"column":17}},"83":{"start":{"line":137,"column":20},"end":{"line":137,"column":119}},"84":{"start":{"line":139,"column":16},"end":{"line":141,"column":17}},"85":{"start":{"line":140,"column":20},"end":{"line":140,"column":128}},"86":{"start":{"line":142,"column":16},"end":{"line":142,"column":107}},"87":{"start":{"line":143,"column":16},"end":{"line":145,"column":17}},"88":{"start":{"line":144,"column":20},"end":{"line":144,"column":110}},"89":{"start":{"line":146,"column":16},"end":{"line":148,"column":17}},"90":{"start":{"line":147,"column":20},"end":{"line":147,"column":112}},"91":{"start":{"line":149,"column":16},"end":{"line":149,"column":74}},"92":{"start":{"line":150,"column":16},"end":{"line":150,"column":70}},"93":{"start":{"line":151,"column":16},"end":{"line":151,"column":62}},"94":{"start":{"line":152,"column":19},"end":{"line":158,"column":13}},"95":{"start":{"line":153,"column":16},"end":{"line":153,"column":104}},"96":{"start":{"line":154,"column":19},"end":{"line":158,"column":13}},"97":{"start":{"line":155,"column":16},"end":{"line":155,"column":107}},"98":{"start":{"line":157,"column":16},"end":{"line":157,"column":31}},"99":{"start":{"line":159,"column":12},"end":{"line":159,"column":26}},"100":{"start":{"line":163,"column":4},"end":{"line":163,"column":35}}},"branchMap":{"1":{"line":2,"type":"if","locations":[{"start":{"line":2,"column":4},"end":{"line":2,"column":4}},{"start":{"line":2,"column":4},"end":{"line":2,"column":4}}]},"2":{"line":2,"type":"binary-expr","locations":[{"start":{"line":2,"column":8},"end":{"line":2,"column":36}},{"start":{"line":2,"column":40},"end":{"line":2,"column":50}}]},"3":{"line":4,"type":"if","locations":[{"start":{"line":4,"column":11},"end":{"line":4,"column":11}},{"start":{"line":4,"column":11},"end":{"line":4,"column":11}}]},"4":{"line":31,"type":"cond-expr","locations":[{"start":{"line":31,"column":39},"end":{"line":31,"column":42}},{"start":{"line":31,"column":45},"end":{"line":33,"column":9}}]},"5":{"line":31,"type":"binary-expr","locations":[{"start":{"line":31,"column":15},"end":{"line":31,"column":18}},{"start":{"line":31,"column":22},"end":{"line":31,"column":36}}]},"6":{"line":48,"type":"binary-expr","locations":[{"start":{"line":48,"column":23},"end":{"line":48,"column":44}},{"start":{"line":48,"column":48},"end":{"line":48,"column":84}}]},"7":{"line":50,"type":"binary-expr","locations":[{"start":{"line":50,"column":19},"end":{"line":50,"column":35}},{"start":{"line":50,"column":39},"end":{"line":50,"column":71}}]},"8":{"line":53,"type":"binary-expr","locations":[{"start":{"line":53,"column":22},"end":{"line":53,"column":36}},{"start":{"line":53,"column":40},"end":{"line":53,"column":128}}]},"9":{"line":54,"type":"if","locations":[{"start":{"line":54,"column":12},"end":{"line":54,"column":12}},{"start":{"line":54,"column":12},"end":{"line":54,"column":12}}]},"10":{"line":54,"type":"binary-expr","locations":[{"start":{"line":54,"column":16},"end":{"line":54,"column":47}},{"start":{"line":54,"column":51},"end":{"line":54,"column":58}}]},"11":{"line":58,"type":"if","locations":[{"start":{"line":58,"column":12},"end":{"line":58,"column":12}},{"start":{"line":58,"column":12},"end":{"line":58,"column":12}}]},"12":{"line":58,"type":"binary-expr","locations":[{"start":{"line":58,"column":16},"end":{"line":58,"column":47}},{"start":{"line":58,"column":51},"end":{"line":58,"column":65}}]},"13":{"line":78,"type":"if","locations":[{"start":{"line":78,"column":8},"end":{"line":78,"column":8}},{"start":{"line":78,"column":8},"end":{"line":78,"column":8}}]},"14":{"line":80,"type":"binary-expr","locations":[{"start":{"line":80,"column":23},"end":{"line":80,"column":51}},{"start":{"line":80,"column":55},"end":{"line":80,"column":86}},{"start":{"line":80,"column":90},"end":{"line":80,"column":104}},{"start":{"line":80,"column":109},"end":{"line":80,"column":151}},{"start":{"line":80,"column":155},"end":{"line":80,"column":200}}]},"15":{"line":83,"type":"if","locations":[{"start":{"line":83,"column":8},"end":{"line":83,"column":8}},{"start":{"line":83,"column":8},"end":{"line":83,"column":8}}]},"16":{"line":85,"type":"binary-expr","locations":[{"start":{"line":85,"column":23},"end":{"line":85,"column":52}},{"start":{"line":85,"column":56},"end":{"line":85,"column":88}},{"start":{"line":85,"column":92},"end":{"line":85,"column":106}},{"start":{"line":85,"column":111},"end":{"line":85,"column":154}},{"start":{"line":85,"column":158},"end":{"line":85,"column":204}}]},"17":{"line":88,"type":"if","locations":[{"start":{"line":88,"column":8},"end":{"line":88,"column":8}},{"start":{"line":88,"column":8},"end":{"line":88,"column":8}}]},"18":{"line":90,"type":"binary-expr","locations":[{"start":{"line":90,"column":23},"end":{"line":90,"column":46}},{"start":{"line":90,"column":50},"end":{"line":90,"column":64}},{"start":{"line":90,"column":68},"end":{"line":90,"column":105}}]},"19":{"line":93,"type":"if","locations":[{"start":{"line":93,"column":8},"end":{"line":93,"column":8}},{"start":{"line":93,"column":8},"end":{"line":93,"column":8}}]},"20":{"line":95,"type":"binary-expr","locations":[{"start":{"line":95,"column":23},"end":{"line":95,"column":49}},{"start":{"line":95,"column":53},"end":{"line":95,"column":67}},{"start":{"line":95,"column":71},"end":{"line":95,"column":111}}]},"21":{"line":110,"type":"binary-expr","locations":[{"start":{"line":110,"column":30},"end":{"line":110,"column":39}},{"start":{"line":110,"column":43},"end":{"line":110,"column":65}}]},"22":{"line":111,"type":"binary-expr","locations":[{"start":{"line":111,"column":33},"end":{"line":111,"column":42}},{"start":{"line":111,"column":46},"end":{"line":111,"column":71}}]},"23":{"line":112,"type":"if","locations":[{"start":{"line":112,"column":12},"end":{"line":112,"column":12}},{"start":{"line":112,"column":12},"end":{"line":112,"column":12}}]},"24":{"line":136,"type":"if","locations":[{"start":{"line":136,"column":16},"end":{"line":136,"column":16}},{"start":{"line":136,"column":16},"end":{"line":136,"column":16}}]},"25":{"line":139,"type":"if","locations":[{"start":{"line":139,"column":16},"end":{"line":139,"column":16}},{"start":{"line":139,"column":16},"end":{"line":139,"column":16}}]},"26":{"line":143,"type":"if","locations":[{"start":{"line":143,"column":16},"end":{"line":143,"column":16}},{"start":{"line":143,"column":16},"end":{"line":143,"column":16}}]},"27":{"line":144,"type":"binary-expr","locations":[{"start":{"line":144,"column":48},"end":{"line":144,"column":62}},{"start":{"line":144,"column":66},"end":{"line":144,"column":100}}]},"28":{"line":146,"type":"if","locations":[{"start":{"line":146,"column":16},"end":{"line":146,"column":16}},{"start":{"line":146,"column":16},"end":{"line":146,"column":16}}]},"29":{"line":147,"type":"binary-expr","locations":[{"start":{"line":147,"column":49},"end":{"line":147,"column":63}},{"start":{"line":147,"column":67},"end":{"line":147,"column":102}}]},"30":{"line":152,"type":"if","locations":[{"start":{"line":152,"column":19},"end":{"line":152,"column":19}},{"start":{"line":152,"column":19},"end":{"line":152,"column":19}}]},"31":{"line":152,"type":"binary-expr","locations":[{"start":{"line":152,"column":23},"end":{"line":152,"column":30}},{"start":{"line":152,"column":34},"end":{"line":152,"column":49}}]},"32":{"line":154,"type":"if","locations":[{"start":{"line":154,"column":19},"end":{"line":154,"column":19}},{"start":{"line":154,"column":19},"end":{"line":154,"column":19}}]},"33":{"line":154,"type":"binary-expr","locations":[{"start":{"line":154,"column":23},"end":{"line":154,"column":30}},{"start":{"line":154,"column":34},"end":{"line":154,"column":52}}]}},"code":["(function (global, factory) {","    if (typeof define === \"function\" && define.amd) {","        define(['exports', 'react', 'react-dom', '../SAlertContent', './s-alert-store', './s-alert-tools'], factory);","    } else if (typeof exports !== \"undefined\") {","        factory(exports, require('react'), require('react-dom'), require('../SAlertContent'), require('./s-alert-store'), require('./s-alert-tools'));","    } else {","        var mod = {","            exports: {}","        };","        factory(mod.exports, global.react, global.reactDom, global.SAlertContent, global.sAlertStore, global.sAlertTools);","        global.sAlertDataPrep = mod.exports;","    }","})(this, function (exports, _react, _reactDom, _SAlertContent, _sAlertStore, _sAlertTools) {","    'use strict';","","    Object.defineProperty(exports, \"__esModule\", {","        value: true","    });","","    var _react2 = _interopRequireDefault(_react);","","    var _reactDom2 = _interopRequireDefault(_reactDom);","","    var _SAlertContent2 = _interopRequireDefault(_SAlertContent);","","    var _sAlertStore2 = _interopRequireDefault(_sAlertStore);","","    var _sAlertTools2 = _interopRequireDefault(_sAlertTools);","","    function _interopRequireDefault(obj) {","        return obj && obj.__esModule ? obj : {","            default: obj","        };","    }","","    var getAlertData = function getAlertData(sAlertPosition) {","        var positionTop = 0;","        var positionBottom = 0;","        var padding = 0;","        var alerts = {};","        var style = void 0;","        var docElement = void 0;","        var sAlertBoxHeight = void 0;","        var positionTypeTop = void 0;","        var positionTypeBottom = void 0;","        var checkFirst = function checkFirst(type, objId) {","            var collectionOfType = sAlertCollection.filter(function (obj) {","                return obj.position === type || sAlertGlobalConfig.position === type;","            });","            return collectionOfType && collectionOfType[0].id === objId;","        };","        var positionFunc = function positionFunc(position, positionType, alert, docElement, sAlertBoxHeight, reactComponent) {","            padding = aStack.spacing || parseInt(getComputedStyle(_reactDom2.default.findDOMNode(reactComponent))[positionType]);","            if (checkFirst(aPosition, alert.id) && aOffset) {","                position = 0;","                position = position + parseInt(aOffset);","            }","            if (checkFirst(aPosition, alert.id) && aStack.spacing) {","                position = position;","            } else {","                position = position + parseInt(padding);","            }","            style = positionType + ': ' + position + 'px;';","            position = position + sAlertBoxHeight;","            return position;","        };","","        var sAlertGlobalConfig = _sAlertTools2.default.getGlobalConfig();","        var aStack = void 0;","        var aContentTemplate = void 0;","        var aOffset = void 0;","        var aMessage = void 0;","        var aHtml = void 0;","        var aCustomFields = void 0;","        var aPosition = void 0;","","        var query = {};","        if (sAlertPosition === 'left') {","            query = function query(item) {","                return item.position === 'top-left' || item.position === 'bottom-left' || !item.position && (sAlertGlobalConfig.position === 'top-left' || sAlertGlobalConfig.position === 'bottom-left');","            };","        }","        if (sAlertPosition === 'right') {","            query = function query(item) {","                return item.position === 'top-right' || item.position === 'bottom-right' || !item.position && (sAlertGlobalConfig.position === 'top-right' || sAlertGlobalConfig.position === 'bottom-right');","            };","        }","        if (sAlertPosition === 'full-top') {","            query = function query(item) {","                return item.position === 'top' || !item.position && sAlertGlobalConfig.position === 'top';","            };","        }","        if (sAlertPosition === 'full-bottom') {","            query = function query(item) {","                return item.position === 'bottom' || !item.position && sAlertGlobalConfig.position === 'bottom';","            };","        }","","        var currentState = _sAlertStore2.default.getState();","        var sAlertCollection = currentState.slice().filter(query);","","        return sAlertCollection.map(function (alert) {","            aStack = sAlertGlobalConfig.stack;","            aContentTemplate = sAlertGlobalConfig.contentTemplate;","            aOffset = _sAlertTools2.default.returnFirstDefined(alert.offset, sAlertGlobalConfig.offset);","            aMessage = _sAlertTools2.default.returnFirstDefined(alert.message, sAlertGlobalConfig.message);","            aHtml = _sAlertTools2.default.returnFirstDefined(alert.html, sAlertGlobalConfig.html);","            aCustomFields = _sAlertTools2.default.returnFirstDefined(alert.customFields, sAlertGlobalConfig.customFields);","            aPosition = _sAlertTools2.default.returnFirstDefined(alert.position, sAlertGlobalConfig.position);","            positionTypeTop = aPosition && /top/g.test(aPosition);","            positionTypeBottom = aPosition && /bottom/g.test(aPosition);","            if (aStack) {","                // checking alert box height - needed to calculate position","                docElement = document.createElement('div');","                docElement.classList.add('s-alert-box-height');","","                // mock element, needed for positions calculations","                var reactElement = _react2.default.createElement(_SAlertContent2.default, {","                    key: _sAlertTools2.default.randomId(),","                    id: _sAlertTools2.default.randomId(),","                    condition: alert.condition,","                    message: aMessage,","                    position: aPosition,","                    effect: alert.effect,","                    boxPosition: alert.boxPosition,","                    beep: false,","                    timeout: 'none',","                    html: aHtml,","                    contentTemplate: aContentTemplate,","                    customFields: aCustomFields","                });","                var reactComponent = _reactDom2.default.render(reactElement, docElement);","","                document.body.appendChild(docElement);","                sAlertBoxHeight = parseInt(getComputedStyle(_reactDom2.default.findDOMNode(reactComponent))['height']);","                if (positionTypeTop) {","                    positionTop = positionFunc(positionTop, 'top', alert, docElement, sAlertBoxHeight, reactComponent);","                }","                if (positionTypeBottom) {","                    positionBottom = positionFunc(positionBottom, 'bottom', alert, docElement, sAlertBoxHeight, reactComponent);","                }","                var sAlertComputedStyle = getComputedStyle(_reactDom2.default.findDOMNode(reactComponent));","                if (sAlertPosition === 'left') {","                    style = style + 'left: ' + (aStack.spacing || parseInt(sAlertComputedStyle.left)) + 'px;';","                }","                if (sAlertPosition === 'right') {","                    style = style + 'right: ' + (aStack.spacing || parseInt(sAlertComputedStyle.right)) + 'px;';","                }","                alerts = Object.assign({}, alert, { boxPosition: style });","                _reactDom2.default.unmountComponentAtNode(docElement);","                docElement.parentNode.removeChild(docElement);","            } else if (aOffset && positionTypeTop) {","                alerts = Object.assign({}, alert, { boxPosition: 'top: ' + parseInt(aOffset) + 'px;' });","            } else if (aOffset && positionTypeBottom) {","                alerts = Object.assign({}, alert, { boxPosition: 'bottom: ' + parseInt(aOffset) + 'px;' });","            } else {","                alerts = alert;","            }","            return alerts;","        });","    };","","    exports.default = getAlertData;","});"],"l":{"1":1,"2":1,"3":0,"4":1,"5":1,"7":0,"10":0,"11":0,"16":1,"20":1,"22":1,"24":1,"26":1,"28":1,"30":1,"31":5,"36":1,"37":0,"38":0,"39":0,"40":0,"41":0,"42":0,"43":0,"44":0,"45":0,"46":0,"47":0,"48":0,"50":0,"52":0,"53":0,"54":0,"55":0,"56":0,"58":0,"59":0,"61":0,"63":0,"64":0,"65":0,"68":0,"69":0,"70":0,"71":0,"72":0,"73":0,"74":0,"75":0,"77":0,"78":0,"79":0,"80":0,"83":0,"84":0,"85":0,"88":0,"89":0,"90":0,"93":0,"94":0,"95":0,"99":0,"100":0,"102":0,"103":0,"104":0,"105":0,"106":0,"107":0,"108":0,"109":0,"110":0,"111":0,"112":0,"114":0,"115":0,"118":0,"132":0,"134":0,"135":0,"136":0,"137":0,"139":0,"140":0,"142":0,"143":0,"144":0,"146":0,"147":0,"149":0,"150":0,"151":0,"152":0,"153":0,"154":0,"155":0,"157":0,"159":0,"163":1}},"/home/travis/build/npmtest/node-npmtest-react-s-alert/node_modules/react-s-alert/scripts/mocha_runner.js":{"path":"/home/travis/build/npmtest/node-npmtest-react-s-alert/node_modules/react-s-alert/scripts/mocha_runner.js","s":{"1":2,"2":0,"3":0,"4":0,"5":0,"6":1,"7":0,"8":0,"9":0,"10":0,"11":0,"12":0,"13":0,"14":0,"15":0,"16":0,"17":0,"18":0},"b":{"1":[0,0],"2":[0,0],"3":[0,0,0]},"f":{"1":0,"2":0},"fnMap":{"1":{"name":"propagateToGlobal","line":9,"loc":{"start":{"line":9,"column":0},"end":{"line":9,"column":36}}},"2":{"name":"(anonymous_2)","line":21,"loc":{"start":{"line":21,"column":33},"end":{"line":21,"column":50}}}},"statementMap":{"1":{"start":{"line":1,"column":0},"end":{"line":1,"column":29}},"2":{"start":{"line":3,"column":0},"end":{"line":3,"column":75}},"3":{"start":{"line":4,"column":0},"end":{"line":4,"column":37}},"4":{"start":{"line":5,"column":0},"end":{"line":5,"column":43}},"5":{"start":{"line":7,"column":0},"end":{"line":7,"column":26}},"6":{"start":{"line":9,"column":0},"end":{"line":16,"column":1}},"7":{"start":{"line":10,"column":4},"end":{"line":10,"column":12}},"8":{"start":{"line":11,"column":4},"end":{"line":15,"column":5}},"9":{"start":{"line":12,"column":8},"end":{"line":12,"column":50}},"10":{"start":{"line":12,"column":41},"end":{"line":12,"column":50}},"11":{"start":{"line":13,"column":8},"end":{"line":13,"column":36}},"12":{"start":{"line":13,"column":27},"end":{"line":13,"column":36}},"13":{"start":{"line":14,"column":8},"end":{"line":14,"column":33}},"14":{"start":{"line":18,"column":0},"end":{"line":18,"column":31}},"15":{"start":{"line":19,"column":0},"end":{"line":19,"column":26}},"16":{"start":{"line":21,"column":0},"end":{"line":24,"column":3}},"17":{"start":{"line":22,"column":4},"end":{"line":22,"column":50}},"18":{"start":{"line":23,"column":4},"end":{"line":23,"column":49}}},"branchMap":{"1":{"line":12,"type":"if","locations":[{"start":{"line":12,"column":8},"end":{"line":12,"column":8}},{"start":{"line":12,"column":8},"end":{"line":12,"column":8}}]},"2":{"line":13,"type":"if","locations":[{"start":{"line":13,"column":8},"end":{"line":13,"column":8}},{"start":{"line":13,"column":8},"end":{"line":13,"column":8}}]},"3":{"line":23,"type":"binary-expr","locations":[{"start":{"line":23,"column":18},"end":{"line":23,"column":23}},{"start":{"line":23,"column":27},"end":{"line":23,"column":38}},{"start":{"line":23,"column":42},"end":{"line":23,"column":47}}]}},"code":["var jsdom = require('jsdom');","","global.document = jsdom.jsdom('<!doctype html><html><body></body></html>');","global.window = document.defaultView;","global.navigator = global.window.navigator;","","propagateToGlobal(window);","","function propagateToGlobal (window) {","    var key;","    for (key in window) {","        if (!window.hasOwnProperty(key)) continue;","        if (key in global) continue;","        global[key] = window[key]","    }","}","","require('babel-core/register');","require('babel-polyfill');","","process.on('unhandledRejection', function (error) {","    console.error('Unhandled Promise Rejection:');","    console.error(error && error.stack || error);","});"],"l":{"1":2,"3":0,"4":0,"5":0,"7":0,"9":1,"10":0,"11":0,"12":0,"13":0,"14":0,"18":0,"19":0,"21":0,"22":0,"23":0}}}